\BOOKMARK [0][-]{section*.1}{\376\377\000I\000l\000l\000u\000s\000t\000r\000a\000t\000i\000o\000n\000s}{}% 1
\BOOKMARK [0][-]{chapter.1}{\376\377\000P\000h\000a\000r\000o\000\040\000s\000y\000n\000t\000a\000x\000\040\000i\000n\000\040\000a\000\040\000n\000u\000t\000s\000h\000e\000l\000l}{}% 2
\BOOKMARK [1][-]{section.1.1}{\376\377\000S\000i\000m\000p\000l\000i\000c\000i\000t\000y\000\040\000a\000n\000d\000\040\000e\000l\000e\000g\000a\000n\000c\000e\000\040\000o\000f\000\040\000m\000e\000s\000s\000a\000g\000e\000s}{chapter.1}% 3
\BOOKMARK [2][-]{section*.2}{\376\377\000S\000e\000n\000d\000i\000n\000g\000\040\000a\000\040\000m\000e\000s\000s\000a\000g\000e\000\040\000\046\000\040\000t\000h\000e\000\040\000r\000e\000c\000e\000i\000v\000e\000r}{section.1.1}% 4
\BOOKMARK [2][-]{section*.3}{\376\377\000E\000v\000a\000l\000u\000a\000t\000i\000n\000g\000\040\000c\000o\000d\000e\000\040\000a\000n\000d\000\040\000c\000o\000n\000v\000e\000n\000t\000i\000o\000n\000\040\000f\000o\000r\000\040\000s\000h\000o\000w\000i\000n\000g\000\040\000r\000e\000s\000u\000l\000t\000s}{section.1.1}% 5
\BOOKMARK [2][-]{section*.4}{\376\377\000O\000t\000h\000e\000r\000\040\000m\000e\000s\000s\000a\000g\000e\000s\000\040\000\046\000\040\000r\000e\000t\000u\000r\000n\000\040\000v\000a\000l\000u\000e\000s}{section.1.1}% 6
\BOOKMARK [2][-]{section*.5}{\376\377\000T\000h\000e\000\040\000s\000e\000l\000e\000c\000t\000o\000r\000\040\000\046\000\040\000u\000n\000a\000r\000y\000\040\000m\000e\000s\000s\000a\000g\000e\000s}{section.1.1}% 7
\BOOKMARK [2][-]{section*.6}{\376\377\000A\000\040\000f\000i\000r\000s\000t\000\040\000k\000e\000y\000w\000o\000r\000d\000-\000b\000a\000s\000e\000d\000\040\000m\000e\000s\000s\000a\000g\000e}{section.1.1}% 8
\BOOKMARK [2][-]{section*.7}{\376\377\000K\000e\000y\000w\000o\000r\000d\000-\000b\000a\000s\000e\000d\000\040\000m\000e\000s\000s\000a\000g\000e\000s\000\040\000w\000i\000t\000h\000\040\000m\000u\000l\000t\000i\000p\000l\000e\000\040\000a\000r\000g\000u\000m\000e\000n\000t\000s}{section.1.1}% 9
\BOOKMARK [2][-]{section*.8}{\376\377\000B\000i\000n\000a\000r\000y\000\040\000m\000e\000s\000s\000a\000g\000e\000s}{section.1.1}% 10
\BOOKMARK [1][-]{section.1.2}{\376\377\000W\000h\000i\000c\000h\000\040\000m\000e\000s\000s\000a\000g\000e\000\040\000i\000s\000\040\000e\000x\000e\000c\000u\000t\000e\000d\000\040\000f\000i\000r\000s\000t\000?}{chapter.1}% 11
\BOOKMARK [1][-]{section.1.3}{\376\377\000S\000e\000n\000d\000i\000n\000g\000\040\000m\000e\000s\000s\000a\000g\000e\000s\000\040\000t\000o\000\040\000c\000l\000a\000s\000s\000e\000s}{chapter.1}% 12
\BOOKMARK [1][-]{section.1.4}{\376\377\000L\000o\000c\000a\000l\000\040\000v\000a\000r\000i\000a\000b\000l\000e\000s\000\040\000a\000n\000d\000\040\000s\000t\000a\000t\000e\000m\000e\000n\000t\000\040\000s\000e\000q\000u\000e\000n\000c\000e\000s}{chapter.1}% 13
\BOOKMARK [1][-]{section.1.5}{\376\377\000A\000b\000o\000u\000t\000\040\000l\000i\000t\000e\000r\000a\000l\000\040\000o\000b\000j\000e\000c\000t\000s}{chapter.1}% 14
\BOOKMARK [1][-]{section.1.6}{\376\377\000S\000e\000n\000d\000i\000n\000g\000\040\000m\000u\000l\000t\000i\000p\000l\000e\000\040\000m\000e\000s\000s\000a\000g\000e\000s\000\040\000t\000o\000\040\000t\000h\000e\000\040\000s\000a\000m\000e\000\040\000o\000b\000j\000e\000c\000t}{chapter.1}% 15
\BOOKMARK [1][-]{section.1.7}{\376\377\000B\000l\000o\000c\000k\000s}{chapter.1}% 16
\BOOKMARK [1][-]{section.1.8}{\376\377\000C\000o\000n\000t\000r\000o\000l\000\040\000s\000t\000r\000u\000c\000t\000u\000r\000e\000s}{chapter.1}% 17
\BOOKMARK [1][-]{section.1.9}{\376\377\000M\000e\000t\000h\000o\000d\000s}{chapter.1}% 18
\BOOKMARK [1][-]{section.1.10}{\376\377\000R\000e\000s\000o\000u\000r\000c\000e\000s}{chapter.1}% 19
\BOOKMARK [1][-]{section.1.11}{\376\377\000C\000o\000n\000c\000l\000u\000s\000i\000o\000n\000\040}{chapter.1}% 20
\BOOKMARK [0][-]{chapter.2}{\376\377\000S\000y\000n\000t\000a\000x\000\040\000s\000u\000m\000m\000a\000r\000y}{}% 21
\BOOKMARK [1][-]{section*.9}{\376\377\000S\000i\000x\000\040\000r\000e\000s\000e\000r\000v\000e\000d\000\040\000w\000o\000r\000d\000s\000\040\000o\000n\000l\000y}{chapter.2}% 22
\BOOKMARK [2][-]{section*.10}{\376\377\000R\000e\000s\000e\000r\000v\000e\000d\000\040\000s\000y\000n\000t\000a\000c\000t\000i\000c\000\040\000c\000o\000n\000s\000t\000r\000u\000c\000t\000s}{section*.9}% 23
\BOOKMARK [2][-]{section*.11}{\376\377\000M\000e\000s\000s\000a\000g\000e\000\040\000S\000e\000n\000d\000i\000n\000g}{section*.9}% 24
\BOOKMARK [2][-]{section*.12}{\376\377\000T\000h\000r\000e\000e\000\040\000T\000y\000p\000e\000s\000\040\000o\000f\000\040\000M\000e\000s\000s\000a\000g\000e\000s\000:\000\040\000U\000n\000a\000r\000y\000,\000\040\000B\000i\000n\000a\000r\000y\000,\000\040\000a\000n\000d\000\040\000K\000e\000y\000w\000o\000r\000d}{section*.9}% 25
\BOOKMARK [2][-]{section*.13}{\376\377\000M\000e\000s\000s\000a\000g\000e\000\040\000P\000r\000e\000c\000e\000d\000e\000n\000c\000e}{section*.9}% 26
\BOOKMARK [2][-]{section*.14}{\376\377\000C\000a\000s\000c\000a\000d\000e\000:\000\040\000S\000e\000n\000d\000i\000n\000g\000\040\000M\000u\000l\000i\000p\000l\000e\000\040\000M\000e\000s\000s\000a\000g\000e\000s\000\040\000t\000o\000\040\000t\000h\000e\000\040\000S\000a\000m\000e\000\040\000O\000b\000j\000e\000c\000t}{section*.9}% 27
\BOOKMARK [2][-]{section*.15}{\376\377\000B\000l\000o\000c\000k\000s}{section*.9}% 28
\BOOKMARK [2][-]{section*.16}{\376\377\000C\000o\000m\000m\000o\000n\000\040\000C\000o\000n\000s\000t\000r\000u\000c\000t\000s\000:\000\040\000C\000o\000n\000d\000i\000t\000i\000o\000n\000a\000l\000s}{section*.9}% 29
\BOOKMARK [2][-]{section*.17}{\376\377\000C\000o\000m\000m\000o\000n\000\040\000C\000o\000n\000s\000t\000r\000u\000c\000t\000s\000:\000\040\000L\000o\000o\000p\000s\000/\000I\000t\000e\000r\000a\000t\000o\000r\000s}{section*.9}% 30
\BOOKMARK [2][-]{section*.18}{\376\377\000F\000i\000l\000e\000s\000\040\000a\000n\000d\000\040\000S\000t\000r\000e\000a\000m\000s}{section*.9}% 31
\BOOKMARK [0][-]{chapter*.19}{\376\377\000B\000i\000b\000l\000i\000o\000g\000r\000a\000p\000h\000y}{}% 32
