\BOOKMARK [0][-]{section*.1}{\376\377\000I\000l\000l\000u\000s\000t\000r\000a\000t\000i\000o\000n\000s}{}% 1
\BOOKMARK [0][-]{chapter.1}{\376\377\000A\000b\000o\000u\000t\000\040\000t\000h\000i\000s\000\040\000b\000o\000o\000k\000\040}{}% 2
\BOOKMARK [1][-]{section.1.1}{\376\377\000A\000\040\000w\000o\000r\000d\000\040\000o\000f\000\040\000p\000r\000e\000s\000e\000n\000t\000a\000t\000i\000o\000n}{chapter.1}% 3
\BOOKMARK [1][-]{section.1.2}{\376\377\000S\000t\000r\000u\000c\000t\000u\000r\000e\000\040\000o\000f\000\040\000t\000h\000e\000\040\000b\000o\000o\000k}{chapter.1}% 4
\BOOKMARK [2][-]{section*.2}{\376\377\000F\000a\000s\000t\000\040\000t\000r\000a\000c\000k}{section.1.2}% 5
\BOOKMARK [1][-]{section.1.3}{\376\377\000W\000h\000a\000t\000\040\000y\000o\000u\000\040\000w\000i\000l\000l\000\040\000l\000e\000a\000r\000n}{chapter.1}% 6
\BOOKMARK [2][-]{section*.3}{\376\377\000G\000r\000o\000w\000i\000n\000g\000\040\000s\000o\000f\000t\000w\000a\000r\000e}{section.1.3}% 7
\BOOKMARK [2][-]{section*.4}{\376\377\000S\000y\000n\000t\000a\000x\000,\000\040\000b\000l\000o\000c\000k\000s\000\040\000a\000n\000d\000\040\000i\000t\000e\000r\000a\000t\000o\000r\000s}{section.1.3}% 8
\BOOKMARK [1][-]{section.1.4}{\376\377\000T\000y\000p\000o\000g\000r\000a\000p\000h\000i\000c\000\040\000c\000o\000n\000v\000e\000n\000t\000i\000o\000n\000s}{chapter.1}% 9
\BOOKMARK [1][-]{section.1.5}{\376\377\000V\000i\000d\000e\000o\000s\000\040}{chapter.1}% 10
\BOOKMARK [1][-]{section.1.6}{\376\377\000T\000h\000a\000n\000k\000s}{chapter.1}% 11
\BOOKMARK [-1][-]{part.1}{\376\377\000G\000e\000t\000t\000i\000n\000g\000\040\000i\000n\000\040\000t\000o\000u\000c\000h\000\040\000w\000i\000t\000h\000\040\000P\000h\000a\000r\000o}{}% 12
\BOOKMARK [0][-]{chapter.2}{\376\377\000P\000h\000a\000r\000o\000\040\000s\000y\000n\000t\000a\000x\000\040\000i\000n\000\040\000a\000\040\000n\000u\000t\000s\000h\000e\000l\000l}{part.1}% 13
\BOOKMARK [1][-]{section.2.1}{\376\377\000S\000i\000m\000p\000l\000i\000c\000i\000t\000y\000\040\000a\000n\000d\000\040\000e\000l\000e\000g\000a\000n\000c\000e\000\040\000o\000f\000\040\000m\000e\000s\000s\000a\000g\000e\000s}{chapter.2}% 14
\BOOKMARK [2][-]{section*.6}{\376\377\000S\000e\000n\000d\000i\000n\000g\000\040\000a\000\040\000m\000e\000s\000s\000a\000g\000e\000\040\000\046\000\040\000t\000h\000e\000\040\000r\000e\000c\000e\000i\000v\000e\000r}{section.2.1}% 15
\BOOKMARK [2][-]{section*.7}{\376\377\000E\000v\000a\000l\000u\000a\000t\000i\000n\000g\000\040\000c\000o\000d\000e\000\040\000a\000n\000d\000\040\000c\000o\000n\000v\000e\000n\000t\000i\000o\000n\000\040\000f\000o\000r\000\040\000s\000h\000o\000w\000i\000n\000g\000\040\000r\000e\000s\000u\000l\000t\000s}{section.2.1}% 16
\BOOKMARK [2][-]{section*.8}{\376\377\000O\000t\000h\000e\000r\000\040\000m\000e\000s\000s\000a\000g\000e\000s\000\040\000\046\000\040\000r\000e\000t\000u\000r\000n\000\040\000v\000a\000l\000u\000e\000s}{section.2.1}% 17
\BOOKMARK [2][-]{section*.9}{\376\377\000T\000h\000e\000\040\000s\000e\000l\000e\000c\000t\000o\000r\000\040\000\046\000\040\000u\000n\000a\000r\000y\000\040\000m\000e\000s\000s\000a\000g\000e\000s}{section.2.1}% 18
\BOOKMARK [2][-]{section*.10}{\376\377\000A\000\040\000f\000i\000r\000s\000t\000\040\000k\000e\000y\000w\000o\000r\000d\000-\000b\000a\000s\000e\000d\000\040\000m\000e\000s\000s\000a\000g\000e}{section.2.1}% 19
\BOOKMARK [2][-]{section*.11}{\376\377\000K\000e\000y\000w\000o\000r\000d\000-\000b\000a\000s\000e\000d\000\040\000m\000e\000s\000s\000a\000g\000e\000s\000\040\000w\000i\000t\000h\000\040\000m\000u\000l\000t\000i\000p\000l\000e\000\040\000a\000r\000g\000u\000m\000e\000n\000t\000s}{section.2.1}% 20
\BOOKMARK [2][-]{section*.12}{\376\377\000B\000i\000n\000a\000r\000y\000\040\000m\000e\000s\000s\000a\000g\000e\000s}{section.2.1}% 21
\BOOKMARK [1][-]{section.2.2}{\376\377\000W\000h\000i\000c\000h\000\040\000m\000e\000s\000s\000a\000g\000e\000\040\000i\000s\000\040\000e\000x\000e\000c\000u\000t\000e\000d\000\040\000f\000i\000r\000s\000t\000?}{chapter.2}% 22
\BOOKMARK [1][-]{section.2.3}{\376\377\000S\000e\000n\000d\000i\000n\000g\000\040\000m\000e\000s\000s\000a\000g\000e\000s\000\040\000t\000o\000\040\000c\000l\000a\000s\000s\000e\000s}{chapter.2}% 23
\BOOKMARK [1][-]{section.2.4}{\376\377\000L\000o\000c\000a\000l\000\040\000v\000a\000r\000i\000a\000b\000l\000e\000s\000\040\000a\000n\000d\000\040\000s\000t\000a\000t\000e\000m\000e\000n\000t\000\040\000s\000e\000q\000u\000e\000n\000c\000e\000s}{chapter.2}% 24
\BOOKMARK [1][-]{section.2.5}{\376\377\000A\000b\000o\000u\000t\000\040\000l\000i\000t\000e\000r\000a\000l\000\040\000o\000b\000j\000e\000c\000t\000s}{chapter.2}% 25
\BOOKMARK [1][-]{section.2.6}{\376\377\000S\000e\000n\000d\000i\000n\000g\000\040\000m\000u\000l\000t\000i\000p\000l\000e\000\040\000m\000e\000s\000s\000a\000g\000e\000s\000\040\000t\000o\000\040\000t\000h\000e\000\040\000s\000a\000m\000e\000\040\000o\000b\000j\000e\000c\000t}{chapter.2}% 26
\BOOKMARK [1][-]{section.2.7}{\376\377\000B\000l\000o\000c\000k\000s}{chapter.2}% 27
\BOOKMARK [1][-]{section.2.8}{\376\377\000C\000o\000n\000t\000r\000o\000l\000\040\000s\000t\000r\000u\000c\000t\000u\000r\000e\000s}{chapter.2}% 28
\BOOKMARK [1][-]{section.2.9}{\376\377\000M\000e\000t\000h\000o\000d\000s}{chapter.2}% 29
\BOOKMARK [1][-]{section.2.10}{\376\377\000R\000e\000s\000o\000u\000r\000c\000e\000s}{chapter.2}% 30
\BOOKMARK [1][-]{section.2.11}{\376\377\000C\000o\000n\000c\000l\000u\000s\000i\000o\000n\000\040}{chapter.2}% 31
\BOOKMARK [0][-]{chapter.3}{\376\377\000S\000y\000n\000t\000a\000x\000\040\000s\000u\000m\000m\000a\000r\000y}{part.1}% 32
\BOOKMARK [1][-]{section*.13}{\376\377\000S\000i\000x\000\040\000r\000e\000s\000e\000r\000v\000e\000d\000\040\000w\000o\000r\000d\000s\000\040\000o\000n\000l\000y}{chapter.3}% 33
\BOOKMARK [2][-]{section*.14}{\376\377\000R\000e\000s\000e\000r\000v\000e\000d\000\040\000s\000y\000n\000t\000a\000c\000t\000i\000c\000\040\000c\000o\000n\000s\000t\000r\000u\000c\000t\000s}{section*.13}% 34
\BOOKMARK [2][-]{section*.15}{\376\377\000M\000e\000s\000s\000a\000g\000e\000\040\000S\000e\000n\000d\000i\000n\000g}{section*.13}% 35
\BOOKMARK [2][-]{section*.16}{\376\377\000T\000h\000r\000e\000e\000\040\000T\000y\000p\000e\000s\000\040\000o\000f\000\040\000M\000e\000s\000s\000a\000g\000e\000s\000:\000\040\000U\000n\000a\000r\000y\000,\000\040\000B\000i\000n\000a\000r\000y\000,\000\040\000a\000n\000d\000\040\000K\000e\000y\000w\000o\000r\000d}{section*.13}% 36
\BOOKMARK [2][-]{section*.17}{\376\377\000M\000e\000s\000s\000a\000g\000e\000\040\000P\000r\000e\000c\000e\000d\000e\000n\000c\000e}{section*.13}% 37
\BOOKMARK [2][-]{section*.18}{\376\377\000C\000a\000s\000c\000a\000d\000e\000:\000\040\000S\000e\000n\000d\000i\000n\000g\000\040\000M\000u\000l\000i\000p\000l\000e\000\040\000M\000e\000s\000s\000a\000g\000e\000s\000\040\000t\000o\000\040\000t\000h\000e\000\040\000S\000a\000m\000e\000\040\000O\000b\000j\000e\000c\000t}{section*.13}% 38
\BOOKMARK [2][-]{section*.19}{\376\377\000B\000l\000o\000c\000k\000s}{section*.13}% 39
\BOOKMARK [2][-]{section*.20}{\376\377\000C\000o\000m\000m\000o\000n\000\040\000C\000o\000n\000s\000t\000r\000u\000c\000t\000s\000:\000\040\000C\000o\000n\000d\000i\000t\000i\000o\000n\000a\000l\000s}{section*.13}% 40
\BOOKMARK [2][-]{section*.21}{\376\377\000C\000o\000m\000m\000o\000n\000\040\000C\000o\000n\000s\000t\000r\000u\000c\000t\000s\000:\000\040\000L\000o\000o\000p\000s\000/\000I\000t\000e\000r\000a\000t\000o\000r\000s}{section*.13}% 41
\BOOKMARK [2][-]{section*.22}{\376\377\000F\000i\000l\000e\000s\000\040\000a\000n\000d\000\040\000S\000t\000r\000e\000a\000m\000s}{section*.13}% 42
\BOOKMARK [0][-]{chapter.4}{\376\377\000C\000h\000a\000l\000l\000e\000n\000g\000e\000\040\000y\000o\000u\000r\000s\000e\000l\000f}{part.1}% 43
\BOOKMARK [1][-]{section.4.1}{\376\377\000C\000h\000a\000l\000l\000e\000n\000g\000e\000:\000\040\000M\000e\000s\000s\000a\000g\000e\000\040\000i\000d\000e\000n\000t\000i\000f\000i\000c\000a\000t\000i\000o\000n}{chapter.4}% 44
\BOOKMARK [1][-]{section.4.2}{\376\377\000C\000h\000a\000l\000l\000e\000n\000g\000e\000:\000\040\000L\000i\000t\000e\000r\000a\000l\000\040\000o\000b\000j\000e\000c\000t\000s}{chapter.4}% 45
\BOOKMARK [1][-]{section.4.3}{\376\377\000C\000h\000a\000l\000l\000e\000n\000g\000e\000:\000\040\000K\000i\000n\000d\000\040\000o\000f\000\040\000m\000e\000s\000s\000a\000g\000e\000s}{chapter.4}% 46
\BOOKMARK [1][-]{section.4.4}{\376\377\000C\000h\000a\000l\000l\000e\000n\000g\000e\000:\000\040\000R\000e\000s\000u\000l\000t\000s}{chapter.4}% 47
\BOOKMARK [1][-]{section.4.5}{\376\377\000C\000h\000a\000l\000l\000e\000n\000g\000e\000:\000\040\000u\000n\000n\000e\000e\000d\000e\000d\000\040\000p\000a\000r\000e\000n\000t\000h\000e\000s\000e\000s\000\040}{chapter.4}% 48
\BOOKMARK [0][-]{chapter.5}{\376\377\000D\000e\000v\000e\000l\000o\000p\000i\000n\000g\000\040\000a\000\040\000s\000i\000m\000p\000l\000e\000\040\000c\000o\000u\000n\000t\000e\000r}{part.1}% 49
\BOOKMARK [1][-]{section*.23}{\376\377\000C\000o\000m\000p\000a\000n\000i\000o\000n\000\040\000v\000i\000d\000e\000o\000s}{chapter.5}% 50
\BOOKMARK [1][-]{section.5.1}{\376\377\000O\000u\000r\000\040\000u\000s\000e\000\040\000c\000a\000s\000e}{chapter.5}% 51
\BOOKMARK [1][-]{section.5.2}{\376\377\000C\000r\000e\000a\000t\000e\000\040\000y\000o\000u\000r\000\040\000o\000w\000n\000\040\000c\000l\000a\000s\000s}{chapter.5}% 52
\BOOKMARK [2][-]{section*.24}{\376\377\000C\000r\000e\000a\000t\000e\000\040\000a\000\040\000p\000a\000c\000k\000a\000g\000e}{section.5.2}% 53
\BOOKMARK [2][-]{section*.25}{\376\377\000C\000r\000e\000a\000t\000e\000\040\000a\000\040\000c\000l\000a\000s\000s}{section.5.2}% 54
\BOOKMARK [1][-]{section.5.3}{\376\377\000D\000e\000f\000i\000n\000e\000\040\000p\000r\000o\000t\000o\000c\000o\000l\000s\000\040\000a\000n\000d\000\040\000m\000e\000t\000h\000o\000d\000s}{chapter.5}% 55
\BOOKMARK [2][-]{section*.26}{\376\377\000C\000r\000e\000a\000t\000e\000\040\000a\000\040\000m\000e\000t\000h\000o\000d}{section.5.3}% 56
\BOOKMARK [2][-]{section*.27}{\376\377\000A\000d\000d\000i\000n\000g\000\040\000a\000\040\000s\000e\000t\000t\000e\000r\000\040\000m\000e\000t\000h\000o\000d}{section.5.3}% 57
\BOOKMARK [1][-]{section.5.4}{\376\377\000D\000e\000f\000i\000n\000e\000\040\000a\000\040\000T\000e\000s\000t\000\040\000C\000l\000a\000s\000s}{chapter.5}% 58
\BOOKMARK [1][-]{section.5.5}{\376\377\000S\000a\000v\000i\000n\000g\000\040\000y\000o\000u\000r\000\040\000w\000o\000r\000k}{chapter.5}% 59
\BOOKMARK [2][-]{section*.28}{\376\377\000S\000a\000v\000i\000n\000g\000\040\000u\000s\000i\000n\000g\000\040\000M\000o\000n\000t\000i\000c\000e\000l\000l\000o}{section.5.5}% 60
\BOOKMARK [3][-]{section*.29}{\376\377\000A\000d\000d\000\040\000a\000\040\000r\000e\000p\000o\000s\000i\000t\000o\000r\000y}{section*.28}% 61
\BOOKMARK [3][-]{section*.30}{\376\377\000S\000a\000v\000i\000n\000g\000\040\000y\000o\000u\000r\000\040\000p\000a\000c\000k\000a\000g\000e}{section*.28}% 62
\BOOKMARK [1][-]{section.5.6}{\376\377\000A\000d\000d\000i\000n\000g\000\040\000m\000o\000r\000e\000\040\000m\000e\000s\000s\000a\000g\000e\000s}{chapter.5}% 63
\BOOKMARK [1][-]{section.5.7}{\376\377\000B\000e\000t\000t\000e\000r\000\040\000o\000b\000j\000e\000c\000t\000\040\000d\000e\000s\000c\000r\000i\000p\000t\000i\000o\000n}{chapter.5}% 64
\BOOKMARK [1][-]{section.5.8}{\376\377\000I\000n\000s\000t\000a\000n\000c\000e\000\040\000i\000n\000i\000t\000i\000a\000l\000i\000z\000a\000t\000i\000o\000n\000\040\000m\000e\000t\000h\000o\000d}{chapter.5}% 65
\BOOKMARK [2][-]{section*.31}{\376\377\000D\000e\000f\000i\000n\000e\000\040\000a\000n\000\040\000i\000n\000i\000t\000i\000a\000l\000i\000z\000e\000\040\000m\000e\000t\000h\000o\000d}{section.5.8}% 66
\BOOKMARK [1][-]{section.5.9}{\376\377\000C\000o\000n\000c\000l\000u\000s\000i\000o\000n}{chapter.5}% 67
\BOOKMARK [0][-]{chapter.6}{\376\377\000T\000e\000s\000t\000s\000,\000\040\000t\000e\000s\000t\000s\000\040\000a\000n\000d\000\040\000t\000e\000s\000t\000s}{part.1}% 68
\BOOKMARK [1][-]{section.6.1}{\376\377\000W\000r\000i\000t\000i\000n\000g\000\040\000a\000\040\000t\000e\000s\000t\000\040\000i\000n\000\040\0002\000\040\000m\000i\000n\000u\000t\000e\000s}{chapter.6}% 69
\BOOKMARK [2][-]{section*.32}{\376\377\000H\000o\000w\000\040\000d\000o\000\040\000w\000e\000\040\000d\000e\000c\000l\000a\000r\000e\000\040\000a\000\040\000t\000e\000s\000t\000\040\000i\000n\000\040\000P\000h\000a\000r\000o\000?}{section.6.1}% 70
\BOOKMARK [1][-]{section.6.2}{\376\377\000T\000e\000s\000t\000\040\000D\000r\000i\000v\000e\000n\000\040\000D\000e\000s\000i\000g\000n}{chapter.6}% 71
\BOOKMARK [1][-]{section.6.3}{\376\377\000W\000h\000y\000\040\000t\000e\000s\000t\000i\000n\000g\000\040\000i\000s\000\040\000i\000m\000p\000o\000r\000t\000a\000n\000t}{chapter.6}% 72
\BOOKMARK [1][-]{section.6.4}{\376\377\000W\000h\000a\000t\000\040\000m\000a\000k\000e\000s\000\040\000a\000\040\000g\000o\000o\000d\000\040\000t\000e\000s\000t\000?}{chapter.6}% 73
\BOOKMARK [1][-]{section.6.5}{\376\377\000S\000U\000n\000i\000t\000\040\000b\000y\000\040\000e\000x\000a\000m\000p\000l\000e}{chapter.6}% 74
\BOOKMARK [2][-]{section*.33}{\376\377\000S\000t\000e\000p\000\040\0001\000:\000\040\000C\000r\000e\000a\000t\000e\000\040\000t\000h\000e\000\040\000t\000e\000s\000t\000\040\000c\000l\000a\000s\000s}{section.6.5}% 75
\BOOKMARK [2][-]{section*.34}{\376\377\000S\000t\000e\000p\000\040\0002\000:\000\040\000W\000r\000i\000t\000e\000\040\000a\000\040\000t\000e\000s\000t\000\040\000m\000e\000t\000h\000o\000d}{section.6.5}% 76
\BOOKMARK [2][-]{section*.35}{\376\377\000S\000t\000e\000p\000\040\0003\000:\000\040\000R\000u\000n\000\040\000t\000h\000e\000\040\000t\000e\000s\000t}{section.6.5}% 77
\BOOKMARK [2][-]{section*.36}{\376\377\000S\000t\000e\000p\000\040\0004\000:\000\040\000W\000r\000i\000t\000e\000\040\000m\000o\000r\000e\000\040\000t\000e\000s\000t\000s}{section.6.5}% 78
\BOOKMARK [2][-]{section*.37}{\376\377\000S\000t\000e\000p\000\040\0005\000:\000\040\000R\000u\000n\000\040\000a\000l\000l\000\040\000t\000h\000e\000\040\000t\000e\000s\000t\000s}{section.6.5}% 79
\BOOKMARK [2][-]{section*.38}{\376\377\000S\000t\000e\000p\000\040\0006\000:\000\040\000A\000l\000t\000e\000r\000n\000a\000t\000i\000v\000e\000\040\000w\000a\000y\000s\000\040\000t\000o\000\040\000e\000x\000e\000c\000u\000t\000e\000\040\000t\000e\000s\000t\000s}{section.6.5}% 80
\BOOKMARK [2][-]{section*.39}{\376\377\000S\000t\000e\000p\000\040\0007\000:\000\040\000L\000o\000o\000k\000i\000n\000g\000\040\000a\000t\000\040\000a\000\040\000b\000u\000g}{section.6.5}% 81
\BOOKMARK [2][-]{section*.40}{\376\377\000S\000t\000e\000p\000\040\0008\000:\000\040\000I\000n\000t\000e\000r\000p\000r\000e\000t\000\040\000t\000h\000e\000\040\000r\000e\000s\000u\000l\000t\000s}{section.6.5}% 82
\BOOKMARK [1][-]{section.6.6}{\376\377\000T\000h\000e\000\040\000S\000U\000n\000i\000t\000\040\000c\000o\000o\000k\000b\000o\000o\000k}{chapter.6}% 83
\BOOKMARK [2][-]{section*.41}{\376\377\000A\000b\000o\000u\000t\000\040\000a\000s\000s\000e\000r\000t\000:\000e\000q\000u\000a\000l\000s\000:}{section.6.6}% 84
\BOOKMARK [2][-]{section*.42}{\376\377\000O\000t\000h\000e\000r\000\040\000a\000s\000s\000e\000r\000t\000i\000o\000n\000s}{section.6.6}% 85
\BOOKMARK [2][-]{section*.43}{\376\377\000R\000u\000n\000n\000i\000n\000g\000\040\000a\000\040\000s\000i\000n\000g\000l\000e\000\040\000t\000e\000s\000t}{section.6.6}% 86
\BOOKMARK [2][-]{section*.44}{\376\377\000R\000u\000n\000n\000i\000n\000g\000\040\000a\000l\000l\000\040\000t\000h\000e\000\040\000t\000e\000s\000t\000s\000\040\000i\000n\000\040\000a\000\040\000t\000e\000s\000t\000\040\000c\000l\000a\000s\000s}{section.6.6}% 87
\BOOKMARK [2][-]{section*.45}{\376\377\000M\000u\000s\000t\000\040\000I\000\040\000s\000u\000b\000c\000l\000a\000s\000s\000\040\000T\000e\000s\000t\000C\000a\000s\000e\000?}{section.6.6}% 88
\BOOKMARK [1][-]{section.6.7}{\376\377\000D\000e\000f\000i\000n\000i\000n\000g\000\040\000a\000\040\000f\000i\000x\000t\000u\000r\000e}{chapter.6}% 89
\BOOKMARK [2][-]{section*.46}{\376\377\000S\000t\000e\000p\000\040\0001\000:\000\040\000D\000e\000f\000i\000n\000e\000\040\000t\000h\000e\000\040\000c\000l\000a\000s\000s\000\040\000a\000n\000d\000\040\000c\000o\000n\000t\000e\000x\000t}{section.6.7}% 90
\BOOKMARK [2][-]{section*.47}{\376\377\000S\000t\000e\000p\000\040\0002\000:\000\040\000S\000e\000t\000t\000i\000n\000g\000\040\000a\000\040\000r\000e\000u\000s\000a\000b\000l\000e\000\040\000c\000o\000n\000t\000e\000x\000t}{section.6.7}% 91
\BOOKMARK [2][-]{section*.48}{\376\377\000S\000t\000e\000p\000\040\0003\000:\000\040\000W\000r\000i\000t\000e\000\040\000s\000o\000m\000e\000\040\000t\000e\000s\000t\000\040\000m\000e\000t\000h\000o\000d\000s}{section.6.7}% 92
\BOOKMARK [1][-]{section.6.8}{\376\377\000C\000h\000a\000p\000t\000e\000r\000\040\000s\000u\000m\000m\000a\000r\000y}{chapter.6}% 93
\BOOKMARK [0][-]{chapter.7}{\376\377\000S\000o\000m\000e\000\040\000c\000o\000l\000l\000e\000c\000t\000i\000o\000n\000\040\000k\000a\000t\000a\000s\000\040\000w\000i\000t\000h\000\040\000w\000o\000r\000d\000s}{part.1}% 94
\BOOKMARK [1][-]{section.7.1}{\376\377\000I\000s\000o\000g\000r\000a\000m}{chapter.7}% 95
\BOOKMARK [1][-]{section.7.2}{\376\377\000A\000b\000o\000u\000t\000\040\000s\000t\000r\000i\000n\000g\000s}{chapter.7}% 96
\BOOKMARK [1][-]{section.7.3}{\376\377\000A\000\040\000s\000o\000l\000u\000t\000i\000o\000n\000\040\000u\000s\000i\000n\000g\000\040\000s\000e\000t\000s}{chapter.7}% 97
\BOOKMARK [2][-]{section*.49}{\376\377\000H\000i\000n\000t\000s}{section.7.3}% 98
\BOOKMARK [2][-]{section*.50}{\376\377\000C\000h\000e\000c\000k\000i\000n\000g\000\040\000e\000x\000p\000r\000e\000s\000s\000i\000o\000n}{section.7.3}% 99
\BOOKMARK [2][-]{section*.51}{\376\377\000A\000d\000d\000i\000n\000g\000\040\000a\000\040\000m\000e\000t\000h\000o\000d\000\040\000t\000o\000\040\000t\000h\000e\000\040\000c\000l\000a\000s\000s\000\040\000S\000t\000r\000i\000n\000g}{section.7.3}% 100
\BOOKMARK [1][-]{section.7.4}{\376\377\000D\000e\000f\000i\000n\000i\000n\000g\000\040\000a\000\040\000t\000e\000s\000t}{chapter.7}% 101
\BOOKMARK [2][-]{section*.52}{\376\377\000T\000e\000s\000t\000i\000n\000g\000\040\000s\000e\000v\000e\000r\000a\000l\000\040\000s\000t\000r\000i\000n\000g\000s}{section.7.4}% 102
\BOOKMARK [1][-]{section.7.5}{\376\377\000S\000o\000m\000e\000\040\000f\000u\000n\000:\000\040\000O\000b\000t\000a\000i\000n\000i\000n\000g\000\040\000f\000r\000e\000n\000c\000h\000\040\000i\000s\000o\000g\000r\000a\000m\000s}{chapter.7}% 103
\BOOKMARK [1][-]{section.7.6}{\376\377\000P\000a\000n\000g\000r\000a\000m\000s}{chapter.7}% 104
\BOOKMARK [2][-]{section*.53}{\376\377\000I\000m\000a\000g\000i\000n\000e\000\040\000a\000\040\000s\000o\000l\000u\000t\000i\000o\000n}{section.7.6}% 105
\BOOKMARK [2][-]{section*.54}{\376\377\000A\000\040\000f\000i\000r\000s\000t\000\040\000v\000e\000r\000s\000i\000o\000n}{section.7.6}% 106
\BOOKMARK [2][-]{section*.55}{\376\377\000A\000\040\000b\000e\000t\000t\000e\000r\000\040\000v\000e\000r\000s\000i\000o\000n}{section.7.6}% 107
\BOOKMARK [1][-]{section.7.7}{\376\377\000H\000a\000n\000d\000l\000i\000n\000g\000\040\000a\000l\000p\000h\000a\000b\000e\000t}{chapter.7}% 108
\BOOKMARK [1][-]{section.7.8}{\376\377\000I\000d\000e\000n\000t\000i\000f\000y\000i\000n\000g\000\040\000m\000i\000s\000s\000i\000n\000g\000\040\000l\000e\000t\000t\000e\000r\000s}{chapter.7}% 109
\BOOKMARK [2][-]{section*.56}{\376\377\000A\000b\000o\000u\000t\000\040\000t\000h\000e\000\040\000r\000e\000t\000u\000r\000n\000\040\000v\000a\000l\000u\000e\000s\000\040\000o\000f\000\040\000d\000e\000t\000e\000c\000t\000F\000i\000r\000s\000t\000M\000i\000s\000s\000i\000n\000g\000L\000e\000t\000t\000e\000r\000F\000o\000r\000:}{section.7.8}% 110
\BOOKMARK [2][-]{section*.57}{\376\377\000D\000e\000t\000e\000c\000t\000i\000n\000g\000\040\000a\000l\000l\000\040\000t\000h\000e\000\040\000m\000i\000s\000s\000i\000n\000g\000\040\000l\000e\000t\000t\000e\000r\000s}{section.7.8}% 111
\BOOKMARK [1][-]{section.7.9}{\376\377\000P\000a\000l\000i\000n\000d\000r\000o\000m\000e\000\040\000a\000s\000\040\000e\000x\000e\000r\000c\000i\000s\000e}{chapter.7}% 112
\BOOKMARK [2][-]{section*.58}{\376\377\000S\000o\000m\000e\000\040\000p\000o\000s\000s\000i\000b\000l\000e\000\040\000i\000m\000p\000l\000e\000m\000e\000n\000t\000a\000t\000i\000o\000n\000s}{section.7.9}% 113
\BOOKMARK [1][-]{section.7.10}{\376\377\000C\000o\000n\000c\000l\000u\000s\000i\000o\000n}{chapter.7}% 114
\BOOKMARK [-1][-]{part.2}{\376\377\000A\000b\000o\000u\000t\000\040\000o\000b\000j\000e\000c\000t\000s\000\040\000a\000n\000d\000\040\000c\000l\000a\000s\000s\000e\000s}{}% 115
\BOOKMARK [0][-]{chapter.8}{\376\377\000O\000b\000j\000e\000c\000t\000s\000\040\000a\000n\000d\000\040\000c\000l\000a\000s\000s\000e\000s}{part.2}% 116
\BOOKMARK [1][-]{section.8.1}{\376\377\000O\000b\000j\000e\000c\000t\000s\000:\000\040\000E\000n\000t\000i\000t\000i\000e\000s\000\040\000r\000e\000a\000c\000t\000i\000n\000g\000\040\000t\000o\000\040\000m\000e\000s\000s\000a\000g\000e\000s}{chapter.8}% 117
\BOOKMARK [2][-]{section*.60}{\376\377\000T\000u\000r\000t\000l\000e\000s\000\040\000a\000s\000\040\000a\000n\000\040\000e\000x\000a\000m\000p\000l\000e}{section.8.1}% 118
\BOOKMARK [2][-]{section*.61}{\376\377\000C\000r\000e\000a\000t\000i\000n\000g\000\040\000a\000n\000\040\000o\000b\000j\000e\000c\000t}{section.8.1}% 119
\BOOKMARK [2][-]{section*.62}{\376\377\000S\000e\000n\000d\000i\000n\000g\000\040\000m\000e\000s\000s\000a\000g\000e\000s}{section.8.1}% 120
\BOOKMARK [2][-]{section*.63}{\376\377\000M\000u\000l\000t\000i\000p\000l\000e\000\040\000i\000n\000s\000t\000a\000n\000c\000e\000s\000:\000\040\000e\000a\000c\000h\000\040\000w\000i\000t\000h\000\040\000i\000t\000s\000\040\000o\000w\000n\000\040\000s\000t\000a\000t\000e\000.\000\040}{section.8.1}% 121
\BOOKMARK [1][-]{section.8.2}{\376\377\000M\000e\000s\000s\000a\000g\000e\000s\000\040\000a\000n\000d\000\040\000M\000e\000t\000h\000o\000d\000s}{chapter.8}% 122
\BOOKMARK [2][-]{section*.64}{\376\377\000M\000e\000s\000s\000a\000g\000e\000:\000\040\000w\000h\000a\000t\000\040\000s\000h\000o\000u\000l\000d\000\040\000b\000e\000\040\000e\000x\000e\000c\000u\000t\000e\000d}{section.8.2}% 123
\BOOKMARK [2][-]{section*.65}{\376\377\000M\000e\000t\000h\000o\000d\000:\000\040\000h\000o\000w\000\040\000w\000e\000\040\000e\000x\000e\000c\000u\000t\000e\000\040\000i\000t}{section.8.2}% 124
\BOOKMARK [1][-]{section.8.3}{\376\377\000A\000n\000\040\000o\000b\000j\000e\000c\000t\000\040\000i\000s\000\040\000a\000\040\000p\000r\000o\000t\000e\000c\000t\000i\000v\000e\000\040\000e\000n\000t\000i\000t\000y}{chapter.8}% 125
\BOOKMARK [1][-]{section.8.4}{\376\377\000A\000n\000\040\000o\000b\000j\000e\000c\000t\000\040\000p\000r\000o\000t\000e\000c\000t\000s\000\040\000i\000t\000s\000\040\000d\000a\000t\000a}{chapter.8}% 126
\BOOKMARK [1][-]{section.8.5}{\376\377\000W\000i\000t\000h\000\040\000c\000o\000u\000n\000t\000e\000r\000s}{chapter.8}% 127
\BOOKMARK [1][-]{section.8.6}{\376\377\000A\000\040\000c\000l\000a\000s\000s\000:\000\040\000b\000l\000u\000e\000p\000r\000i\000n\000t\000\040\000o\000r\000\040\000f\000a\000c\000t\000o\000r\000y\000\040\000o\000f\000\040\000o\000b\000j\000e\000c\000t\000s}{chapter.8}% 128
\BOOKMARK [2][-]{section*.66}{\376\377\000O\000b\000j\000e\000c\000t\000\040\000s\000t\000r\000u\000c\000t\000u\000r\000e}{section.8.6}% 129
\BOOKMARK [2][-]{section*.67}{\376\377\000O\000b\000j\000e\000c\000t\000\040\000b\000e\000h\000a\000v\000i\000o\000r}{section.8.6}% 130
\BOOKMARK [2][-]{section*.68}{\376\377\000S\000e\000l\000f\000\040\000i\000s\000\040\000t\000h\000e\000\040\000m\000e\000s\000s\000a\000g\000e\000\040\000r\000e\000c\000e\000i\000v\000e\000r}{section.8.6}% 131
\BOOKMARK [1][-]{section.8.7}{\376\377\000C\000l\000a\000s\000s\000\040\000a\000n\000d\000\040\000i\000n\000s\000t\000a\000n\000c\000e\000s\000\040\000a\000r\000e\000\040\000r\000e\000a\000l\000l\000y\000\040\000d\000i\000f\000f\000e\000r\000e\000n\000t}{chapter.8}% 132
\BOOKMARK [1][-]{section.8.8}{\376\377\000C\000o\000n\000c\000l\000u\000s\000i\000o\000n}{chapter.8}% 133
\BOOKMARK [0][-]{chapter.9}{\376\377\000R\000e\000v\000i\000s\000i\000t\000i\000n\000g\000\040\000o\000b\000j\000e\000c\000t\000s\000\040\000a\000n\000d\000\040\000c\000l\000a\000s\000s\000e\000s}{part.2}% 134
\BOOKMARK [1][-]{section.9.1}{\376\377\000A\000\040\000s\000i\000m\000p\000l\000e\000\040\000a\000n\000d\000\040\000n\000a\000i\000v\000e\000\040\000f\000i\000l\000e\000\040\000s\000y\000s\000t\000e\000m}{chapter.9}% 135
\BOOKMARK [1][-]{section.9.2}{\376\377\000S\000t\000u\000d\000y\000i\000n\000g\000\040\000a\000\040\000f\000i\000r\000s\000t\000\040\000s\000c\000e\000n\000a\000r\000i\000o}{chapter.9}% 136
\BOOKMARK [1][-]{section.9.3}{\376\377\000D\000e\000f\000i\000n\000i\000n\000g\000\040\000a\000\040\000c\000l\000a\000s\000s}{chapter.9}% 137
\BOOKMARK [2][-]{section*.69}{\376\377\000A\000\040\000f\000i\000r\000s\000t\000\040\000l\000i\000t\000t\000l\000e\000\040\000a\000n\000a\000l\000y\000s\000i\000s}{section.9.3}% 138
\BOOKMARK [1][-]{section.9.4}{\376\377\000P\000r\000i\000n\000t\000i\000n\000g\000\040\000a\000\040\000d\000i\000r\000e\000c\000t\000o\000r\000y}{chapter.9}% 139
\BOOKMARK [1][-]{section.9.5}{\376\377\000A\000d\000d\000i\000n\000g\000\040\000f\000i\000l\000e\000s}{chapter.9}% 140
\BOOKMARK [2][-]{section*.70}{\376\377\000A\000n\000\040\000e\000x\000a\000m\000p\000l\000e\000\040\000f\000i\000r\000s\000t}{section.9.5}% 141
\BOOKMARK [2][-]{section*.71}{\376\377\000A\000\040\000n\000e\000w\000\040\000c\000l\000a\000s\000s\000\040\000d\000e\000f\000i\000n\000i\000t\000i\000o\000n}{section.9.5}% 142
\BOOKMARK [1][-]{section.9.6}{\376\377\000O\000n\000e\000\040\000m\000e\000s\000s\000a\000g\000e\000\040\000a\000n\000d\000\040\000m\000u\000l\000t\000i\000p\000l\000e\000\040\000m\000e\000t\000h\000o\000d\000s}{chapter.9}% 143
\BOOKMARK [1][-]{section.9.7}{\376\377\000O\000b\000j\000e\000c\000t\000s\000:\000\040\000s\000t\000e\000p\000p\000i\000n\000g\000\040\000b\000a\000c\000k}{chapter.9}% 144
\BOOKMARK [1][-]{section.9.8}{\376\377\000E\000x\000a\000m\000p\000l\000e\000s\000\040\000o\000f\000\040\000d\000i\000s\000t\000r\000i\000b\000u\000t\000i\000o\000n\000\040\000o\000f\000\040\000r\000e\000s\000p\000o\000n\000s\000i\000b\000i\000l\000i\000t\000i\000e\000s\000\040}{chapter.9}% 145
\BOOKMARK [2][-]{section*.72}{\376\377\000F\000i\000l\000e\000\040\000s\000i\000z\000e\000\040}{section.9.8}% 146
\BOOKMARK [2][-]{section*.73}{\376\377\000S\000e\000a\000r\000c\000h\000\040}{section.9.8}% 147
\BOOKMARK [1][-]{section.9.9}{\376\377\000I\000m\000p\000o\000r\000t\000a\000n\000t\000\040\000p\000o\000i\000n\000t\000s}{chapter.9}% 148
\BOOKMARK [2][-]{section*.74}{\376\377\000M\000o\000d\000u\000l\000a\000r\000\040\000t\000h\000i\000n\000k\000i\000n\000g}{section.9.9}% 149
\BOOKMARK [2][-]{section*.75}{\376\377\000S\000e\000n\000d\000i\000n\000g\000\040\000a\000\040\000m\000e\000s\000s\000a\000g\000e\000\040\000i\000s\000\040\000m\000a\000k\000i\000n\000g\000\040\000a\000\040\000c\000h\000o\000i\000c\000e}{section.9.9}% 150
\BOOKMARK [2][-]{section*.76}{\376\377\000P\000o\000l\000y\000m\000o\000r\000p\000h\000i\000c\000\040\000o\000b\000j\000e\000c\000t\000s\000\040}{section.9.9}% 151
\BOOKMARK [1][-]{section.9.10}{\376\377\000D\000i\000s\000t\000r\000i\000b\000u\000t\000i\000o\000n\000\040\000o\000f\000\040\000r\000e\000s\000p\000o\000n\000s\000i\000b\000i\000l\000i\000t\000i\000e\000s}{chapter.9}% 152
\BOOKMARK [2][-]{section*.77}{\376\377\000P\000r\000o\000c\000e\000d\000u\000r\000a\000l}{section.9.10}% 153
\BOOKMARK [1][-]{section.9.11}{\376\377\000S\000o\000\040\000f\000a\000r\000\040\000s\000o\000\040\000g\000o\000o\000d\000?\000\040\000N\000o\000t\000\040\000f\000u\000l\000l\000y\000!}{chapter.9}% 154
\BOOKMARK [1][-]{section.9.12}{\376\377\000C\000o\000n\000c\000l\000u\000s\000i\000o\000n}{chapter.9}% 155
\BOOKMARK [0][-]{chapter.10}{\376\377\000C\000o\000n\000v\000e\000r\000t\000e\000r}{part.2}% 156
\BOOKMARK [1][-]{section.10.1}{\376\377\000F\000i\000r\000s\000t\000\040\000a\000\040\000t\000e\000s\000t}{chapter.10}% 157
\BOOKMARK [1][-]{section.10.2}{\376\377\000D\000e\000f\000i\000n\000e\000\040\000a\000\040\000t\000e\000s\000t\000\040\000m\000e\000t\000h\000o\000d\000\040\000\050\000a\000n\000d\000\040\000m\000o\000r\000e\000\051}{chapter.10}% 158
\BOOKMARK [1][-]{section.10.3}{\376\377\000T\000h\000e\000\040\000c\000l\000a\000s\000s\000\040\000T\000e\000m\000p\000e\000r\000a\000t\000u\000r\000C\000o\000n\000v\000e\000r\000t\000e\000r}{chapter.10}% 159
\BOOKMARK [1][-]{section.10.4}{\376\377\000C\000o\000n\000v\000e\000r\000t\000i\000n\000g\000\040\000f\000r\000o\000m\000\040\000F\000a\000r\000h\000e\000n\000h\000e\000i\000t\000\040\000t\000o\000\040\000C\000e\000l\000s\000i\000u\000s\000\040}{chapter.10}% 160
\BOOKMARK [1][-]{section.10.5}{\376\377\000A\000b\000o\000u\000t\000\040\000f\000l\000o\000a\000t\000s}{chapter.10}% 161
\BOOKMARK [1][-]{section.10.6}{\376\377\000P\000r\000i\000n\000t\000i\000n\000g\000\040\000r\000o\000u\000n\000d\000e\000d\000\040\000r\000e\000s\000u\000l\000t\000s}{chapter.10}% 162
\BOOKMARK [1][-]{section.10.7}{\376\377\000B\000u\000i\000l\000d\000i\000n\000g\000\040\000a\000\040\000m\000a\000p\000\040\000o\000f\000\040\000d\000e\000g\000r\000e\000e\000s}{chapter.10}% 163
\BOOKMARK [1][-]{section.10.8}{\376\377\000S\000p\000e\000l\000l\000i\000n\000g\000\040\000F\000a\000h\000r\000e\000n\000h\000e\000i\000t\000\040\000c\000o\000r\000r\000e\000c\000t\000l\000y\000!}{chapter.10}% 164
\BOOKMARK [1][-]{section.10.9}{\376\377\000A\000d\000d\000i\000n\000g\000\040\000l\000o\000g\000g\000i\000n\000g\000\040\000b\000e\000h\000a\000v\000i\000o\000r}{chapter.10}% 165
\BOOKMARK [1][-]{section.10.10}{\376\377\000D\000i\000s\000c\000u\000s\000s\000i\000o\000n\000\040}{chapter.10}% 166
\BOOKMARK [1][-]{section.10.11}{\376\377\000C\000o\000n\000c\000l\000u\000s\000i\000o\000n}{chapter.10}% 167
\BOOKMARK [0][-]{chapter.11}{\376\377\000A\000n\000\040\000e\000l\000e\000c\000t\000r\000o\000n\000i\000c\000\040\000w\000a\000l\000l\000e\000t}{part.2}% 168
\BOOKMARK [1][-]{section.11.1}{\376\377\000A\000\040\000f\000i\000r\000s\000t\000\040\000t\000e\000s\000t}{chapter.11}% 169
\BOOKMARK [1][-]{section.11.2}{\376\377\000A\000d\000d\000i\000n\000g\000\040\000c\000o\000i\000n\000s}{chapter.11}% 170
\BOOKMARK [1][-]{section.11.3}{\376\377\000L\000o\000o\000k\000i\000n\000g\000\040\000a\000t\000\040\000B\000a\000g}{chapter.11}% 171
\BOOKMARK [1][-]{section.11.4}{\376\377\000U\000s\000i\000n\000g\000\040\000a\000\040\000b\000a\000g\000\040\000f\000o\000r\000\040\000a\000\040\000w\000a\000l\000l\000e\000t}{chapter.11}% 172
\BOOKMARK [1][-]{section.11.5}{\376\377\000M\000o\000r\000e\000\040\000t\000e\000s\000t\000s}{chapter.11}% 173
\BOOKMARK [1][-]{section.11.6}{\376\377\000T\000e\000s\000t\000i\000n\000g\000\040\000m\000o\000n\000e\000y}{chapter.11}% 174
\BOOKMARK [1][-]{section.11.7}{\376\377\000C\000h\000e\000c\000k\000i\000n\000g\000\040\000t\000o\000\040\000p\000a\000y\000\040\000a\000n\000\040\000a\000m\000o\000u\000n\000t}{chapter.11}% 175
\BOOKMARK [1][-]{section.11.8}{\376\377\000B\000i\000g\000g\000e\000s\000t\000\040\000c\000o\000i\000n}{chapter.11}% 176
\BOOKMARK [1][-]{section.11.9}{\376\377\000B\000i\000g\000g\000e\000s\000t\000\040\000b\000e\000l\000o\000w\000\040\000a\000\040\000v\000a\000l\000u\000e}{chapter.11}% 177
\BOOKMARK [1][-]{section.11.10}{\376\377\000I\000m\000p\000r\000o\000v\000i\000n\000g\000\040\000t\000h\000e\000\040\000A\000P\000I}{chapter.11}% 178
\BOOKMARK [2][-]{section*.78}{\376\377\000B\000e\000t\000t\000e\000r\000\040\000s\000t\000r\000i\000n\000g\000\040\000r\000e\000p\000r\000e\000s\000e\000n\000t\000a\000t\000i\000o\000n}{section.11.10}% 179
\BOOKMARK [2][-]{section*.79}{\376\377\000E\000a\000s\000i\000e\000r\000\040\000a\000d\000d\000i\000t\000i\000o\000n}{section.11.10}% 180
\BOOKMARK [2][-]{section*.80}{\376\377\000R\000e\000m\000o\000v\000i\000n\000g\000\040\000c\000o\000i\000n\000s}{section.11.10}% 181
\BOOKMARK [1][-]{section.11.11}{\376\377\000C\000o\000i\000n\000s\000\040\000f\000o\000r\000\040\000p\000a\000y\000i\000n\000g\000:\000\040\000F\000i\000r\000s\000t\000\040\000v\000e\000r\000s\000i\000o\000n}{chapter.11}% 182
\BOOKMARK [1][-]{section.11.12}{\376\377\000B\000e\000t\000t\000e\000r\000\040\000h\000e\000u\000r\000i\000s\000t\000i\000c\000s}{chapter.11}% 183
\BOOKMARK [1][-]{section.11.13}{\376\377\000C\000o\000n\000c\000l\000u\000s\000i\000o\000n}{chapter.11}% 184
\BOOKMARK [0][-]{chapter.12}{\376\377\000C\000r\000a\000f\000t\000i\000n\000g\000\040\000a\000\040\000s\000i\000m\000p\000l\000e\000\040\000e\000m\000b\000e\000d\000d\000e\000d\000\040\000D\000S\000L\000\040\000w\000i\000t\000h\000\040\000P\000h\000a\000r\000o}{part.2}% 185
\BOOKMARK [1][-]{section.12.1}{\376\377\000G\000e\000t\000t\000i\000n\000g\000\040\000s\000t\000a\000r\000t\000e\000d}{chapter.12}% 186
\BOOKMARK [2][-]{section*.81}{\376\377\000C\000r\000e\000a\000t\000e\000\040\000a\000\040\000t\000e\000s\000t\000\040}{section.12.1}% 187
\BOOKMARK [2][-]{section*.82}{\376\377\000D\000e\000f\000i\000n\000e\000\040\000t\000h\000e\000\040\000c\000l\000a\000s\000s\000\040\000D\000i\000e}{section.12.1}% 188
\BOOKMARK [1][-]{section.12.2}{\376\377\000R\000o\000l\000l\000i\000n\000g\000\040\000a\000\040\000d\000i\000e}{chapter.12}% 189
\BOOKMARK [1][-]{section.12.3}{\376\377\000C\000r\000e\000a\000t\000i\000n\000g\000\040\000a\000n\000o\000t\000h\000e\000r\000\040\000t\000e\000s\000t}{chapter.12}% 190
\BOOKMARK [1][-]{section.12.4}{\376\377\000I\000n\000s\000t\000a\000n\000c\000e\000\040\000c\000r\000e\000a\000t\000i\000o\000n\000\040\000i\000n\000t\000e\000r\000f\000a\000c\000e}{chapter.12}% 191
\BOOKMARK [2][-]{section*.83}{\376\377\000D\000e\000f\000i\000n\000i\000n\000g\000\040\000a\000\040\000c\000l\000a\000s\000s\000\040\000m\000e\000t\000h\000o\000d}{section.12.4}% 192
\BOOKMARK [2][-]{section*.84}{\376\377\000[\000O\000p\000t\000i\000o\000n\000a\000l\000]\000\040\000A\000l\000t\000e\000r\000n\000a\000t\000e\000\040\000i\000n\000s\000t\000a\000n\000c\000e\000\040\000c\000r\000e\000a\000t\000i\000o\000n\000\040\000d\000e\000f\000i\000n\000i\000t\000i\000o\000n}{section.12.4}% 193
\BOOKMARK [1][-]{section.12.5}{\376\377\000F\000i\000r\000s\000t\000\040\000s\000p\000e\000c\000i\000f\000i\000c\000a\000t\000i\000o\000n\000\040\000o\000f\000\040\000a\000\040\000d\000i\000e\000\040\000h\000a\000n\000d\000l\000e}{chapter.12}% 194
\BOOKMARK [2][-]{section*.85}{\376\377\000T\000e\000s\000t\000i\000n\000g\000\040\000a\000\040\000d\000i\000e\000\040\000h\000a\000n\000d\000l\000e}{section.12.5}% 195
\BOOKMARK [1][-]{section.12.6}{\376\377\000D\000e\000f\000i\000n\000i\000n\000g\000\040\000t\000h\000e\000\040\000D\000i\000e\000H\000a\000n\000d\000l\000e\000\040\000c\000l\000a\000s\000s}{chapter.12}% 196
\BOOKMARK [1][-]{section.12.7}{\376\377\000I\000m\000p\000r\000o\000v\000i\000n\000g\000\040\000p\000r\000o\000g\000r\000a\000m\000m\000e\000r\000\040\000e\000x\000p\000e\000r\000i\000e\000n\000c\000e}{chapter.12}% 197
\BOOKMARK [1][-]{section.12.8}{\376\377\000R\000o\000l\000l\000i\000n\000g\000\040\000a\000\040\000d\000i\000e\000\040\000h\000a\000n\000d\000l\000e}{chapter.12}% 198
\BOOKMARK [1][-]{section.12.9}{\376\377\000A\000b\000o\000u\000t\000\040\000D\000i\000c\000e\000\040\000a\000n\000d\000\040\000D\000i\000e\000H\000a\000n\000d\000l\000e\000\040\000A\000P\000I}{chapter.12}% 199
\BOOKMARK [2][-]{section*.86}{\376\377\000A\000b\000o\000u\000t\000\040\000c\000o\000m\000p\000o\000s\000i\000t\000i\000o\000n}{section.12.9}% 200
\BOOKMARK [1][-]{section.12.10}{\376\377\000R\000o\000l\000e\000\040\000p\000l\000a\000y\000i\000n\000g\000\040\000s\000y\000n\000t\000a\000x}{chapter.12}% 201
\BOOKMARK [2][-]{section*.87}{\376\377\000A\000b\000o\000u\000t\000\040\000c\000l\000a\000s\000s\000\040\000e\000x\000t\000e\000n\000s\000i\000o\000n\000s}{section.12.10}% 202
\BOOKMARK [1][-]{section.12.11}{\376\377\000H\000a\000n\000d\000l\000e\000'\000s\000\040\000a\000d\000d\000i\000t\000i\000o\000n}{chapter.12}% 203
\BOOKMARK [1][-]{section.12.12}{\376\377\000C\000o\000n\000c\000l\000u\000s\000i\000o\000n}{chapter.12}% 204
\BOOKMARK [-1][-]{part.3}{\376\377\000S\000e\000n\000d\000i\000n\000g\000\040\000m\000e\000s\000s\000a\000g\000e\000s}{}% 205
\BOOKMARK [0][-]{chapter.13}{\376\377\000S\000e\000n\000d\000i\000n\000g\000\040\000a\000\040\000m\000e\000s\000s\000a\000g\000e\000\040\000i\000s\000\040\000m\000a\000k\000i\000n\000g\000\040\000a\000\040\000c\000h\000o\000i\000c\000e}{part.3}% 206
\BOOKMARK [1][-]{section.13.1}{\376\377\000N\000e\000g\000a\000t\000i\000o\000n\000:\000\040\000t\000h\000e\000\040\000n\000o\000t\000\040\000m\000e\000s\000s\000a\000g\000e}{chapter.13}% 207
\BOOKMARK [1][-]{section.13.2}{\376\377\000I\000m\000p\000l\000e\000m\000e\000n\000t\000i\000n\000g\000\040\000n\000o\000t}{chapter.13}% 208
\BOOKMARK [2][-]{section*.89}{\376\377\000A\000\040\000f\000i\000r\000s\000t\000\040\000h\000i\000n\000t\000.\000\040}{section.13.2}% 209
\BOOKMARK [2][-]{section*.90}{\376\377\000A\000\040\000s\000e\000c\000o\000n\000d\000\040\000h\000i\000n\000t\000.}{section.13.2}% 210
\BOOKMARK [2][-]{section*.91}{\376\377\000S\000t\000u\000d\000y\000i\000n\000g\000\040\000t\000h\000e\000\040\000i\000m\000p\000l\000e\000m\000e\000n\000t\000a\000t\000i\000o\000n}{section.13.2}% 211
\BOOKMARK [1][-]{section.13.3}{\376\377\000I\000m\000p\000l\000e\000m\000e\000n\000t\000i\000n\000g\000\040\000d\000i\000s\000j\000u\000n\000c\000t\000i\000o\000n}{chapter.13}% 212
\BOOKMARK [2][-]{section*.92}{\376\377\000W\000h\000e\000n\000\040\000r\000e\000c\000e\000i\000v\000e\000r\000\040\000i\000s\000\040\000t\000r\000u\000e\000.}{section.13.3}% 213
\BOOKMARK [2][-]{section*.93}{\376\377\000W\000h\000e\000n\000\040\000r\000e\000c\000e\000i\000v\000e\000r\000\040\000i\000s\000\040\000f\000a\000l\000s\000e\000.}{section.13.3}% 214
\BOOKMARK [1][-]{section.13.4}{\376\377\000A\000b\000o\000u\000t\000\040\000i\000f\000T\000r\000u\000e\000:\000i\000f\000F\000a\000l\000s\000e\000:\000\040\000i\000m\000p\000l\000e\000m\000e\000n\000t\000a\000t\000i\000o\000n}{chapter.13}% 215
\BOOKMARK [2][-]{section*.94}{\376\377\000I\000m\000p\000l\000e\000m\000e\000n\000t\000a\000t\000i\000o\000n\000.\000\040}{section.13.4}% 216
\BOOKMARK [2][-]{section*.95}{\376\377\000O\000p\000t\000i\000m\000i\000s\000a\000t\000i\000o\000n\000.\000\040}{section.13.4}% 217
\BOOKMARK [1][-]{section.13.5}{\376\377\000W\000h\000a\000t\000\040\000i\000s\000\040\000t\000h\000e\000\040\000p\000o\000i\000n\000t\000?}{chapter.13}% 218
\BOOKMARK [2][-]{section*.96}{\376\377\000C\000l\000a\000s\000s\000e\000s\000\040\000r\000e\000p\000r\000e\000s\000e\000n\000t\000\040\000c\000h\000o\000i\000c\000e\000s}{section.13.5}% 219
\BOOKMARK [1][-]{section.13.6}{\376\377\000C\000o\000n\000c\000l\000u\000s\000i\000o\000n}{chapter.13}% 220
\BOOKMARK [-1][-]{part.4}{\376\377\000L\000o\000o\000k\000i\000n\000g\000\040\000a\000t\000\040\000i\000n\000h\000e\000r\000i\000t\000a\000n\000c\000e}{}% 221
\BOOKMARK [0][-]{chapter.14}{\376\377\000I\000n\000h\000e\000r\000i\000t\000a\000n\000c\000e\000:\000\040\000I\000n\000c\000r\000e\000m\000e\000n\000t\000a\000l\000\040\000d\000e\000f\000i\000n\000i\000t\000i\000o\000n\000\040\000a\000n\000d\000\040\000b\000e\000h\000a\000v\000i\000o\000r\000\040\000r\000e\000u\000s\000e}{part.4}% 222
\BOOKMARK [1][-]{section.14.1}{\376\377\000I\000n\000h\000e\000r\000i\000t\000a\000n\000c\000e}{chapter.14}% 223
\BOOKMARK [1][-]{section.14.2}{\376\377\000I\000m\000p\000r\000o\000v\000i\000n\000g\000\040\000f\000i\000l\000e\000s\000/\000d\000i\000r\000e\000c\000t\000o\000r\000i\000e\000s\000\040\000e\000x\000a\000m\000p\000l\000e\000\040\000d\000e\000s\000i\000g\000n}{chapter.14}% 224
\BOOKMARK [2][-]{section*.98}{\376\377\000O\000b\000j\000e\000c\000t\000i\000v\000e\000s}{section.14.2}% 225
\BOOKMARK [1][-]{section.14.3}{\376\377\000T\000r\000a\000n\000s\000f\000o\000r\000m\000a\000t\000i\000o\000n\000\040\000s\000t\000r\000a\000t\000e\000g\000i\000e\000s}{chapter.14}% 226
\BOOKMARK [1][-]{section.14.4}{\376\377\000F\000a\000c\000t\000o\000r\000i\000n\000g\000\040\000o\000u\000t\000\040\000s\000t\000a\000t\000e}{chapter.14}% 227
\BOOKMARK [2][-]{section*.99}{\376\377\000M\000o\000v\000i\000n\000g\000\040\000i\000n\000s\000t\000a\000n\000c\000e\000\040\000v\000a\000r\000i\000a\000b\000l\000e\000\040\000n\000a\000m\000e\000\040\000t\000o\000\040\000s\000u\000p\000e\000r\000c\000l\000a\000s\000s}{section.14.4}% 228
\BOOKMARK [2][-]{section*.100}{\376\377\000M\000o\000v\000i\000n\000g\000\040\000p\000a\000r\000e\000n\000t\000\040\000t\000o\000\040\000s\000u\000p\000e\000r\000c\000l\000a\000s\000s}{section.14.4}% 229
\BOOKMARK [1][-]{section.14.5}{\376\377\000F\000a\000c\000t\000o\000r\000i\000n\000g\000\040\000s\000i\000m\000i\000l\000a\000r\000\040\000m\000e\000t\000h\000o\000d\000s}{chapter.14}% 230
\BOOKMARK [1][-]{section.14.6}{\376\377\000S\000e\000n\000d\000i\000n\000g\000\040\000a\000\040\000m\000e\000s\000s\000a\000g\000e\000\040\000a\000n\000d\000\040\000m\000e\000t\000h\000o\000d\000\040\000l\000o\000o\000k\000u\000p\000\040}{chapter.14}% 231
\BOOKMARK [2][-]{section*.101}{\376\377\000I\000n\000h\000e\000r\000i\000t\000a\000n\000c\000e\000\040\000p\000r\000o\000p\000e\000r\000t\000i\000e\000s}{section.14.6}% 232
\BOOKMARK [1][-]{section.14.7}{\376\377\000B\000a\000s\000i\000c\000\040\000m\000e\000t\000h\000o\000d\000\040\000o\000v\000e\000r\000r\000i\000d\000e\000s}{chapter.14}% 233
\BOOKMARK [1][-]{section.14.8}{\376\377\000s\000e\000l\000f\000-\000s\000e\000n\000d\000\040\000m\000e\000s\000s\000a\000g\000e\000s\000\040\000a\000n\000d\000\040\000l\000o\000o\000k\000u\000p\000\040\000c\000r\000e\000a\000t\000e\000\040\000h\000o\000o\000k\000s}{chapter.14}% 234
\BOOKMARK [2][-]{section*.102}{\376\377\000E\000x\000a\000m\000p\000l\000e}{section.14.8}% 235
\BOOKMARK [2][-]{section*.103}{\376\377\000D\000e\000s\000c\000r\000i\000b\000e\000\040\000i\000m\000p\000l\000e\000m\000e\000n\000t\000a\000t\000i\000o\000n\000\040}{section.14.8}% 236
\BOOKMARK [1][-]{section.14.9}{\376\377\000H\000o\000o\000k\000/\000T\000e\000m\000p\000l\000a\000t\000e\000\040\000e\000x\000p\000l\000a\000n\000a\000t\000i\000o\000n\000s}{chapter.14}% 237
\BOOKMARK [1][-]{section.14.10}{\376\377\000E\000s\000s\000e\000n\000c\000e\000\040\000o\000f\000\040\000s\000e\000l\000f\000\040\000a\000n\000d\000\040\000d\000i\000s\000p\000a\000t\000c\000h}{chapter.14}% 238
\BOOKMARK [2][-]{section*.104}{\376\377\000S\000o\000l\000u\000t\000i\000o\000n\000s}{section.14.10}% 239
\BOOKMARK [1][-]{section.14.11}{\376\377\000I\000n\000s\000t\000a\000n\000c\000e\000\040\000v\000a\000r\000i\000a\000b\000l\000e\000s\000\040\000v\000s\000.\000\040\000m\000e\000s\000s\000a\000g\000e\000s}{chapter.14}% 240
\BOOKMARK [1][-]{section.14.12}{\376\377\000C\000o\000n\000c\000l\000u\000s\000i\000o\000n}{chapter.14}% 241
\BOOKMARK [0][-]{chapter.15}{\376\377\000E\000x\000t\000e\000n\000d\000i\000n\000g\000\040\000s\000u\000p\000e\000r\000c\000l\000a\000s\000s\000\040\000b\000e\000h\000a\000v\000i\000o\000r}{part.4}% 242
\BOOKMARK [1][-]{section.15.1}{\376\377\000R\000e\000v\000i\000s\000i\000t\000i\000n\000g\000\040\000p\000r\000i\000n\000t\000O\000n\000:}{chapter.15}% 243
\BOOKMARK [1][-]{section.15.2}{\376\377\000I\000m\000p\000r\000o\000v\000i\000n\000g\000\040\000t\000h\000e\000\040\000s\000i\000t\000u\000a\000t\000i\000o\000n}{chapter.15}% 244
\BOOKMARK [2][-]{section*.105}{\376\377\000W\000h\000y\000\040\000s\000e\000l\000f\000\040\000d\000o\000e\000s\000\040\000n\000o\000t\000\040\000w\000o\000r\000k\000!}{section.15.2}% 245
\BOOKMARK [1][-]{section.15.3}{\376\377\000E\000x\000t\000e\000n\000d\000i\000n\000g\000\040\000s\000u\000p\000e\000r\000c\000l\000a\000s\000s\000\040\000b\000e\000h\000a\000v\000i\000o\000r\000\040\000u\000s\000i\000n\000g\000\040\000s\000u\000p\000e\000r}{chapter.15}% 246
\BOOKMARK [1][-]{section.15.4}{\376\377\000A\000n\000o\000t\000h\000e\000r\000\040\000e\000x\000a\000m\000p\000l\000e}{chapter.15}% 247
\BOOKMARK [1][-]{section.15.5}{\376\377\000R\000e\000a\000l\000l\000y\000\040\000u\000n\000d\000e\000r\000s\000t\000a\000n\000d\000i\000n\000g\000\040\000s\000u\000p\000e\000r}{chapter.15}% 248
\BOOKMARK [2][-]{section*.106}{\376\377\000S\000o\000l\000u\000t\000i\000o\000n\000\040}{section.15.5}% 249
\BOOKMARK [1][-]{section.15.6}{\376\377\000C\000o\000n\000c\000l\000u\000s\000i\000o\000n}{chapter.15}% 250
\BOOKMARK [0][-]{chapter.16}{\376\377\000A\000\040\000l\000i\000t\000t\000l\000e\000\040\000e\000x\000p\000r\000e\000s\000s\000i\000o\000n\000\040\000i\000n\000t\000e\000r\000p\000r\000e\000t\000e\000r}{part.4}% 251
\BOOKMARK [1][-]{section.16.1}{\376\377\000S\000t\000a\000r\000t\000i\000n\000g\000\040\000w\000i\000t\000h\000\040\000c\000o\000n\000s\000t\000a\000n\000t\000\040\000e\000x\000p\000r\000e\000s\000s\000i\000o\000n\000\040\000a\000n\000d\000\040\000a\000\040\000t\000e\000s\000t}{chapter.16}% 252
\BOOKMARK [1][-]{section.16.2}{\376\377\000N\000e\000g\000a\000t\000i\000o\000n}{chapter.16}% 253
\BOOKMARK [1][-]{section.16.3}{\376\377\000A\000d\000d\000i\000n\000g\000\040\000e\000x\000p\000r\000e\000s\000s\000i\000o\000n\000\040\000a\000d\000d\000i\000t\000i\000o\000n}{chapter.16}% 254
\BOOKMARK [1][-]{section.16.4}{\376\377\000M\000u\000l\000t\000i\000p\000l\000i\000c\000a\000t\000i\000o\000n}{chapter.16}% 255
\BOOKMARK [1][-]{section.16.5}{\376\377\000S\000t\000e\000p\000p\000i\000n\000g\000\040\000b\000a\000c\000k\000\040}{chapter.16}% 256
\BOOKMARK [2][-]{section*.107}{\376\377\000M\000e\000s\000s\000a\000g\000e\000s\000\040\000a\000n\000d\000\040\000m\000e\000t\000h\000o\000d\000s}{section.16.5}% 257
\BOOKMARK [2][-]{section*.108}{\376\377\000A\000b\000o\000u\000t\000\040\000c\000o\000m\000m\000o\000n\000\040\000s\000u\000p\000e\000r\000c\000l\000a\000s\000s}{section.16.5}% 258
\BOOKMARK [2][-]{section*.109}{\376\377\000D\000e\000s\000i\000g\000n\000\040\000c\000o\000r\000n\000e\000r\000:\000\040\000A\000b\000o\000u\000t\000\040\000a\000d\000d\000i\000t\000i\000o\000n\000\040\000a\000n\000d\000\040\000m\000u\000l\000t\000i\000p\000l\000i\000c\000a\000t\000i\000o\000n\000\040\000m\000o\000d\000e\000l\000\040}{section.16.5}% 259
\BOOKMARK [1][-]{section.16.6}{\376\377\000N\000e\000g\000a\000t\000e\000d\000\040\000a\000s\000\040\000a\000\040\000m\000e\000s\000s\000a\000g\000e}{chapter.16}% 260
\BOOKMARK [2][-]{section*.110}{\376\377\000n\000e\000g\000a\000t\000e\000d\000\040\000m\000e\000s\000s\000a\000g\000e\000\040\000f\000o\000r\000\040\000c\000o\000n\000s\000t\000a\000n\000t\000s}{section.16.6}% 261
\BOOKMARK [2][-]{section*.111}{\376\377\000n\000e\000g\000a\000t\000e\000d\000\040\000m\000e\000s\000s\000a\000g\000e\000\040\000f\000o\000r\000\040\000n\000e\000g\000a\000t\000i\000o\000n\000s}{section.16.6}% 262
\BOOKMARK [2][-]{section*.112}{\376\377\000n\000e\000g\000a\000t\000e\000d\000\040\000m\000e\000s\000s\000a\000g\000e\000\040\000f\000o\000r\000\040\000a\000d\000d\000i\000t\000i\000o\000n\000s}{section.16.6}% 263
\BOOKMARK [2][-]{section*.113}{\376\377\000n\000e\000g\000a\000t\000e\000d\000\040\000m\000e\000s\000s\000a\000g\000e\000\040\000f\000o\000r\000\040\000m\000u\000l\000t\000i\000p\000l\000i\000c\000a\000t\000i\000o\000n\000s}{section.16.6}% 264
\BOOKMARK [1][-]{section.16.7}{\376\377\000A\000n\000n\000o\000y\000i\000n\000g\000\040\000r\000e\000p\000e\000t\000i\000t\000i\000o\000n}{chapter.16}% 265
\BOOKMARK [1][-]{section.16.8}{\376\377\000I\000n\000t\000r\000o\000d\000u\000c\000i\000n\000g\000\040\000E\000x\000p\000r\000e\000s\000s\000i\000o\000n\000\040\000c\000l\000a\000s\000s}{chapter.16}% 266
\BOOKMARK [1][-]{section.16.9}{\376\377\000C\000l\000a\000s\000s\000\040\000c\000r\000e\000a\000t\000i\000o\000n\000\040\000m\000e\000s\000s\000a\000g\000e\000s}{chapter.16}% 267
\BOOKMARK [2][-]{section*.114}{\376\377\000B\000e\000t\000t\000e\000r\000\040\000i\000n\000s\000t\000a\000n\000c\000e\000\040\000c\000r\000e\000a\000t\000i\000o\000n\000\040\000f\000o\000r\000\040\000c\000o\000n\000s\000t\000a\000n\000t\000s}{section.16.9}% 268
\BOOKMARK [2][-]{section*.115}{\376\377\000B\000e\000t\000t\000e\000r\000\040\000i\000n\000s\000t\000a\000n\000c\000e\000\040\000c\000r\000e\000a\000t\000i\000o\000n\000\040\000f\000o\000r\000\040\000n\000e\000g\000a\000t\000i\000o\000n\000s}{section.16.9}% 269
\BOOKMARK [2][-]{section*.116}{\376\377\000B\000e\000t\000t\000e\000r\000\040\000i\000n\000s\000t\000a\000n\000c\000e\000\040\000c\000r\000e\000a\000t\000i\000o\000n\000\040\000f\000o\000r\000\040\000a\000d\000d\000i\000t\000i\000o\000n\000s}{section.16.9}% 270
\BOOKMARK [2][-]{section*.117}{\376\377\000B\000e\000t\000t\000e\000r\000\040\000i\000n\000s\000t\000a\000n\000c\000e\000\040\000c\000r\000e\000a\000t\000i\000o\000n\000\040\000f\000o\000r\000\040\000m\000u\000l\000t\000i\000p\000l\000i\000c\000a\000t\000i\000o\000n\000s}{section.16.9}% 271
\BOOKMARK [1][-]{section.16.10}{\376\377\000I\000n\000t\000r\000o\000d\000u\000c\000i\000n\000g\000\040\000e\000x\000a\000m\000p\000l\000e\000s\000\040\000a\000s\000\040\000c\000l\000a\000s\000s\000\040\000m\000e\000s\000s\000a\000g\000e\000s}{chapter.16}% 272
\BOOKMARK [1][-]{section.16.11}{\376\377\000P\000r\000i\000n\000t\000i\000n\000g}{chapter.16}% 273
\BOOKMARK [2][-]{section*.118}{\376\377\000A\000\040\000w\000o\000r\000d\000\040\000a\000b\000o\000u\000t\000\040\000s\000t\000r\000e\000a\000m\000s}{section.16.11}% 274
\BOOKMARK [2][-]{section*.119}{\376\377\000P\000r\000i\000n\000t\000i\000n\000g\000\040\000c\000o\000n\000s\000t\000a\000n\000t}{section.16.11}% 275
\BOOKMARK [2][-]{section*.120}{\376\377\000P\000r\000i\000n\000t\000i\000n\000g\000\040\000n\000e\000g\000a\000t\000i\000o\000n}{section.16.11}% 276
\BOOKMARK [2][-]{section*.121}{\376\377\000P\000r\000i\000n\000t\000i\000n\000g\000\040\000a\000d\000d\000i\000t\000i\000o\000n}{section.16.11}% 277
\BOOKMARK [2][-]{section*.122}{\376\377\000P\000r\000i\000n\000t\000i\000n\000g\000\040\000m\000u\000l\000t\000i\000p\000l\000i\000c\000a\000t\000i\000o\000n}{section.16.11}% 278
\BOOKMARK [1][-]{section.16.12}{\376\377\000R\000e\000v\000i\000s\000i\000t\000i\000n\000g\000\040\000n\000e\000g\000a\000t\000e\000d\000\040\000m\000e\000s\000s\000a\000g\000e\000\040\000f\000o\000r\000\040\000N\000e\000g\000a\000t\000i\000o\000n}{chapter.16}% 279
\BOOKMARK [2][-]{section*.123}{\376\377\000U\000n\000d\000e\000r\000s\000t\000a\000n\000d\000i\000n\000g\000\040\000m\000e\000t\000h\000o\000d\000\040\000o\000v\000e\000r\000r\000i\000d\000e}{section.16.12}% 280
\BOOKMARK [1][-]{section.16.13}{\376\377\000I\000n\000t\000r\000o\000d\000u\000c\000i\000n\000g\000\040\000B\000i\000n\000a\000r\000y\000E\000x\000p\000r\000e\000s\000s\000i\000o\000n\000\040\000c\000l\000a\000s\000s}{chapter.16}% 281
\BOOKMARK [2][-]{section*.124}{\376\377\000C\000r\000e\000a\000t\000i\000n\000g\000\040\000a\000\040\000t\000e\000m\000p\000l\000a\000t\000e\000\040\000a\000n\000d\000\040\000h\000o\000o\000k\000\040\000m\000e\000t\000h\000o\000d}{section.16.13}% 282
\BOOKMARK [1][-]{section.16.14}{\376\377\000W\000h\000a\000t\000\040\000d\000i\000d\000\040\000w\000e\000\040\000l\000e\000a\000r\000n}{chapter.16}% 283
\BOOKMARK [1][-]{section.16.15}{\376\377\000A\000b\000o\000u\000t\000\040\000h\000o\000o\000k\000\040\000m\000e\000t\000h\000o\000d\000s}{chapter.16}% 284
\BOOKMARK [2][-]{section*.125}{\376\377\000C\000r\000e\000a\000t\000i\000n\000g\000\040\000h\000o\000o\000k\000s\000\040\000i\000s\000\040\000a\000l\000w\000a\000y\000s\000\040\000g\000o\000o\000d}{section.16.15}% 285
\BOOKMARK [2][-]{section*.126}{\376\377\000A\000v\000o\000i\000d\000\040\000n\000o\000t\000\040\000d\000o\000c\000u\000m\000e\000n\000t\000i\000n\000g\000\040\000h\000o\000o\000k\000s}{section.16.15}% 286
\BOOKMARK [1][-]{section.16.16}{\376\377\000V\000a\000r\000i\000a\000b\000l\000e\000s}{chapter.16}% 287
\BOOKMARK [2][-]{section*.127}{\376\377\000S\000o\000m\000e\000\040\000t\000e\000c\000h\000n\000i\000c\000a\000l\000\040\000p\000o\000i\000n\000t\000s}{section.16.16}% 288
\BOOKMARK [3][-]{section*.128}{\376\377\000D\000i\000c\000t\000i\000o\000n\000a\000r\000i\000e\000s}{section*.127}% 289
\BOOKMARK [3][-]{section*.129}{\376\377\000D\000y\000n\000a\000m\000i\000c\000\040\000A\000r\000r\000a\000y\000s}{section*.127}% 290
\BOOKMARK [3][-]{section*.130}{\376\377\000P\000a\000i\000r\000s}{section*.127}% 291
\BOOKMARK [2][-]{section*.131}{\376\377\000B\000a\000c\000k\000\040\000t\000o\000\040\000v\000a\000r\000i\000a\000b\000l\000e\000\040\000e\000x\000p\000r\000e\000s\000s\000i\000o\000n\000s}{section.16.16}% 292
\BOOKMARK [2][-]{section*.132}{\376\377\000N\000o\000n\000\040\000w\000o\000r\000k\000i\000n\000g\000\040\000a\000p\000p\000r\000o\000a\000c\000h\000e\000s}{section.16.16}% 293
\BOOKMARK [2][-]{section*.133}{\376\377\000T\000h\000e\000\040\000s\000o\000l\000u\000t\000i\000o\000n\000:\000\040\000a\000d\000d\000i\000n\000g\000\040\000e\000v\000a\000l\000u\000a\000t\000e\000W\000i\000t\000h\000:}{section.16.16}% 294
\BOOKMARK [1][-]{section.16.17}{\376\377\000C\000o\000n\000c\000l\000u\000s\000i\000o\000n}{chapter.16}% 295
\BOOKMARK [-1][-]{part.5}{\376\377\000L\000i\000t\000t\000l\000e\000\040\000p\000r\000o\000j\000e\000c\000t\000s}{}% 296
\BOOKMARK [0][-]{chapter.17}{\376\377\000A\000\040\000s\000i\000m\000p\000l\000e\000\040\000n\000e\000t\000w\000o\000r\000k\000\040\000s\000i\000m\000u\000l\000a\000t\000o\000r\000\040}{part.5}% 297
\BOOKMARK [1][-]{section*.135}{\376\377\000B\000a\000s\000i\000c\000\040\000d\000e\000f\000i\000n\000i\000t\000i\000o\000n\000s\000\040\000a\000n\000d\000\040\000a\000\040\000s\000t\000a\000r\000t\000i\000n\000g\000\040\000p\000o\000i\000n\000t}{chapter.17}% 298
\BOOKMARK [1][-]{section.17.1}{\376\377\000P\000a\000c\000k\000e\000t\000s\000\040\000a\000r\000e\000\040\000s\000i\000m\000p\000l\000e\000\040\000v\000a\000l\000u\000e\000\040\000o\000b\000j\000e\000c\000t\000s}{chapter.17}% 299
\BOOKMARK [1][-]{section.17.2}{\376\377\000N\000o\000d\000e\000s\000\040\000a\000r\000e\000\040\000k\000n\000o\000w\000n\000\040\000b\000y\000\040\000t\000h\000e\000i\000r\000\040\000a\000d\000d\000r\000e\000s\000s}{chapter.17}% 300
\BOOKMARK [1][-]{section.17.3}{\376\377\000L\000i\000n\000k\000s\000\040\000a\000r\000e\000\040\000o\000n\000e\000-\000w\000a\000y\000\040\000c\000o\000n\000n\000e\000c\000t\000i\000o\000n\000s\000\040\000b\000e\000t\000w\000e\000e\000n\000\040\000n\000o\000d\000e\000s}{chapter.17}% 301
\BOOKMARK [1][-]{section.17.4}{\376\377\000M\000a\000k\000i\000n\000g\000\040\000o\000u\000r\000\040\000o\000b\000j\000e\000c\000t\000s\000\040\000m\000o\000r\000e\000\040\000u\000n\000d\000e\000r\000s\000t\000a\000n\000d\000a\000b\000l\000e}{chapter.17}% 302
\BOOKMARK [1][-]{section.17.5}{\376\377\000S\000i\000m\000u\000l\000a\000t\000i\000n\000g\000\040\000t\000h\000e\000\040\000s\000t\000e\000p\000s\000\040\000o\000f\000\040\000p\000a\000c\000k\000e\000t\000\040\000d\000e\000l\000i\000v\000e\000r\000y}{chapter.17}% 303
\BOOKMARK [1][-]{section.17.6}{\376\377\000S\000e\000n\000d\000i\000n\000g\000\040\000a\000\040\000p\000a\000c\000k\000e\000t}{chapter.17}% 304
\BOOKMARK [1][-]{section.17.7}{\376\377\000T\000r\000a\000n\000s\000m\000i\000t\000t\000i\000n\000g\000\040\000a\000c\000r\000o\000s\000s\000\040\000a\000\040\000l\000i\000n\000k}{chapter.17}% 305
\BOOKMARK [1][-]{section.17.8}{\376\377\000T\000h\000e\000\040\000l\000o\000o\000p\000b\000a\000c\000k\000\040\000l\000i\000n\000k}{chapter.17}% 306
\BOOKMARK [1][-]{section.17.9}{\376\377\000M\000o\000d\000e\000l\000i\000n\000g\000\040\000t\000h\000e\000\040\000n\000e\000t\000w\000o\000r\000k\000\040\000i\000t\000s\000e\000l\000f}{chapter.17}% 307
\BOOKMARK [2][-]{section*.136}{\376\377\000C\000o\000n\000n\000e\000c\000t\000i\000n\000g\000\040\000n\000o\000d\000e\000s\000.}{section.17.9}% 308
\BOOKMARK [1][-]{section.17.10}{\376\377\000L\000o\000o\000k\000i\000n\000g\000\040\000u\000p\000\040\000n\000o\000d\000e\000s}{chapter.17}% 309
\BOOKMARK [1][-]{section.17.11}{\376\377\000L\000o\000o\000k\000i\000n\000g\000\040\000u\000p\000\040\000l\000i\000n\000k\000s}{chapter.17}% 310
\BOOKMARK [2][-]{section*.137}{\376\377\000F\000i\000n\000a\000l\000\040\000c\000h\000e\000c\000k\000.\000\040}{section.17.11}% 311
\BOOKMARK [1][-]{section.17.12}{\376\377\000P\000a\000c\000k\000e\000t\000\040\000d\000e\000l\000i\000v\000e\000r\000y\000\040\000w\000i\000t\000h\000\040\000f\000o\000r\000w\000a\000r\000d\000i\000n\000g}{chapter.17}% 312
\BOOKMARK [1][-]{section.17.13}{\376\377\000I\000n\000t\000r\000o\000d\000u\000c\000i\000n\000g\000\040\000a\000\040\000n\000e\000w\000\040\000k\000i\000n\000d\000\040\000o\000f\000\040\000n\000o\000d\000e}{chapter.17}% 313
\BOOKMARK [1][-]{section.17.14}{\376\377\000O\000t\000h\000e\000r\000\040\000e\000x\000a\000m\000p\000l\000e\000s\000\040\000o\000f\000\040\000s\000p\000e\000c\000i\000a\000l\000i\000z\000e\000d\000\040\000n\000o\000d\000e\000s}{chapter.17}% 314
\BOOKMARK [2][-]{section*.138}{\376\377\000W\000o\000r\000k\000s\000t\000a\000t\000i\000o\000n\000s\000\040\000c\000o\000u\000n\000t\000i\000n\000g\000\040\000r\000e\000c\000e\000i\000v\000e\000d\000\040\000p\000a\000c\000k\000e\000t\000s}{section.17.14}% 315
\BOOKMARK [2][-]{section*.139}{\376\377\000P\000r\000i\000n\000t\000e\000r\000s\000\040\000a\000c\000c\000u\000m\000u\000l\000a\000t\000i\000n\000g\000\040\000p\000r\000i\000n\000t\000o\000u\000t\000s}{section.17.14}% 316
\BOOKMARK [2][-]{section*.140}{\376\377\000S\000e\000r\000v\000e\000r\000s\000\040\000a\000n\000s\000w\000e\000r\000i\000n\000g\000\040\000r\000e\000q\000u\000e\000s\000t\000s}{section.17.14}% 317
\BOOKMARK [1][-]{section.17.15}{\376\377\000C\000o\000n\000c\000l\000u\000s\000i\000o\000n}{chapter.17}% 318
\BOOKMARK [0][-]{chapter.18}{\376\377\000S\000n\000a\000k\000e\000s\000\040\000a\000n\000d\000\040\000l\000a\000d\000d\000e\000r\000s}{part.5}% 319
\BOOKMARK [1][-]{section.18.1}{\376\377\000G\000a\000m\000e\000\040\000r\000u\000l\000e\000s}{chapter.18}% 320
\BOOKMARK [1][-]{section.18.2}{\376\377\000G\000a\000m\000e\000\040\000p\000o\000s\000s\000i\000b\000l\000e\000\040\000r\000u\000n}{chapter.18}% 321
\BOOKMARK [1][-]{section.18.3}{\376\377\000P\000o\000t\000e\000n\000t\000i\000a\000l\000\040\000o\000b\000j\000e\000c\000t\000s\000\040\000a\000n\000d\000\040\000r\000e\000s\000p\000o\000n\000s\000i\000b\000i\000l\000i\000t\000i\000e\000s}{chapter.18}% 322
\BOOKMARK [2][-]{section*.141}{\376\377\000P\000o\000s\000s\000i\000b\000l\000e\000\040\000c\000l\000a\000s\000s\000\040\000c\000a\000n\000d\000i\000d\000a\000t\000e\000s}{section.18.3}% 323
\BOOKMARK [2][-]{section*.142}{\376\377\000A\000b\000o\000u\000t\000\040\000r\000e\000p\000r\000e\000s\000e\000n\000t\000a\000t\000i\000o\000n\000\040}{section.18.3}% 324
\BOOKMARK [1][-]{section.18.4}{\376\377\000A\000b\000o\000u\000t\000\040\000o\000b\000j\000e\000c\000t\000-\000o\000r\000i\000e\000n\000t\000e\000d\000\040\000d\000e\000s\000i\000g\000n}{chapter.18}% 325
\BOOKMARK [2][-]{section*.143}{\376\377\000C\000R\000C\000\040\000c\000a\000r\000d\000s}{section.18.4}% 326
\BOOKMARK [2][-]{section*.144}{\376\377\000S\000o\000m\000e\000\040\000h\000e\000u\000r\000i\000s\000t\000i\000c\000s}{section.18.4}% 327
\BOOKMARK [2][-]{section*.145}{\376\377\000K\000i\000n\000d\000\040\000o\000f\000\040\000d\000a\000t\000a\000\040\000p\000a\000s\000s\000e\000d\000\040\000a\000r\000o\000u\000n\000d}{section.18.4}% 328
\BOOKMARK [2][-]{section*.146}{\376\377\000A\000g\000i\000l\000i\000t\000y\000\040\000t\000o\000\040\000a\000d\000a\000p\000t}{section.18.4}% 329
\BOOKMARK [1][-]{section.18.5}{\376\377\000L\000e\000t\000\040\000u\000s\000\040\000g\000e\000t\000\040\000s\000t\000a\000r\000t\000e\000d}{chapter.18}% 330
\BOOKMARK [1][-]{section.18.6}{\376\377\000A\000\040\000f\000i\000r\000s\000t\000\040\000r\000e\000a\000l\000\040\000t\000e\000s\000t}{chapter.18}% 331
\BOOKMARK [1][-]{section.18.7}{\376\377\000A\000c\000c\000e\000s\000s\000i\000n\000g\000\040\000o\000n\000e\000\040\000t\000i\000l\000e}{chapter.18}% 332
\BOOKMARK [1][-]{section.18.8}{\376\377\000A\000d\000d\000i\000n\000g\000\040\000p\000l\000a\000y\000e\000r\000s}{chapter.18}% 333
\BOOKMARK [1][-]{section.18.9}{\376\377\000A\000v\000o\000i\000d\000\040\000l\000e\000a\000k\000i\000n\000g\000\040\000i\000m\000p\000l\000e\000m\000e\000n\000t\000a\000t\000i\000o\000n\000\040\000i\000n\000f\000o\000r\000m\000a\000t\000i\000o\000n}{chapter.18}% 334
\BOOKMARK [1][-]{section.18.10}{\376\377\000A\000b\000o\000u\000t\000\040\000t\000o\000o\000l\000s}{chapter.18}% 335
\BOOKMARK [1][-]{section.18.11}{\376\377\000D\000i\000s\000p\000l\000a\000y\000i\000n\000g\000\040\000p\000l\000a\000y\000e\000r\000s}{chapter.18}% 336
\BOOKMARK [1][-]{section.18.12}{\376\377\000P\000r\000e\000p\000a\000r\000i\000n\000g\000\040\000t\000o\000\040\000m\000o\000v\000e\000\040\000p\000l\000a\000y\000e\000r\000s}{chapter.18}% 337
\BOOKMARK [1][-]{section.18.13}{\376\377\000F\000i\000n\000d\000i\000n\000g\000\040\000t\000h\000e\000\040\000t\000i\000l\000e\000\040\000o\000f\000\040\000a\000\040\000p\000l\000a\000y\000e\000r}{chapter.18}% 338
\BOOKMARK [1][-]{section.18.14}{\376\377\000M\000o\000v\000i\000n\000g\000\040\000t\000o\000\040\000a\000n\000o\000t\000h\000e\000r\000\040\000t\000i\000l\000e}{chapter.18}% 339
\BOOKMARK [2][-]{section*.147}{\376\377\000A\000b\000o\000u\000t\000\040\000o\000u\000r\000\040\000i\000m\000p\000l\000e\000m\000e\000n\000t\000a\000t\000i\000o\000n}{section.18.14}% 340
\BOOKMARK [1][-]{section.18.15}{\376\377\000S\000n\000a\000k\000e\000s\000\040\000a\000n\000d\000\040\000l\000a\000d\000d\000e\000r\000s}{chapter.18}% 341
\BOOKMARK [1][-]{section.18.16}{\376\377\000A\000\040\000h\000i\000e\000r\000a\000r\000c\000h\000y\000\040\000o\000f\000\040\000t\000i\000l\000e\000s}{chapter.18}% 342
\BOOKMARK [2][-]{section*.148}{\376\377\000S\000p\000l\000i\000t\000\040\000T\000i\000l\000e\000\040\000c\000l\000a\000s\000s\000\040\000i\000n\000\040\000t\000w\000o\000\040}{section.18.16}% 343
\BOOKMARK [2][-]{section*.149}{\376\377\000A\000d\000d\000i\000n\000g\000\040\000s\000n\000a\000k\000e\000\040\000a\000n\000d\000\040\000l\000a\000d\000d\000e\000r\000\040\000t\000i\000l\000e\000s}{section.18.16}% 344
\BOOKMARK [1][-]{section.18.17}{\376\377\000N\000e\000w\000\040\000p\000r\000i\000n\000t\000i\000n\000g\000\040\000h\000o\000o\000k}{chapter.18}% 345
\BOOKMARK [1][-]{section.18.18}{\376\377\000U\000s\000i\000n\000g\000\040\000t\000h\000e\000\040\000n\000e\000w\000\040\000h\000o\000o\000k}{chapter.18}% 346
\BOOKMARK [2][-]{section*.150}{\376\377\000s\000u\000p\000e\000r\000\040\000d\000o\000e\000s\000\040\000n\000o\000t\000\040\000h\000a\000v\000e\000\040\000t\000o\000\040\000b\000e\000\040\000t\000h\000e\000\040\000f\000i\000r\000s\000t\000\040\000e\000x\000p\000r\000e\000s\000s\000i\000o\000n}{section.18.18}% 347
\BOOKMARK [1][-]{section.18.19}{\376\377\000A\000b\000o\000u\000t\000\040\000h\000o\000o\000k\000s\000\040\000a\000n\000d\000\040\000t\000e\000m\000p\000l\000a\000t\000e\000s}{chapter.18}% 348
\BOOKMARK [1][-]{section.18.20}{\376\377\000S\000n\000a\000k\000e\000\040\000a\000n\000d\000\040\000l\000a\000d\000d\000e\000r\000\040\000d\000e\000c\000l\000a\000r\000a\000t\000i\000o\000n}{chapter.18}% 349
\BOOKMARK [1][-]{section.18.21}{\376\377\000B\000e\000t\000t\000e\000r\000\040\000t\000i\000l\000e\000\040\000p\000r\000o\000t\000o\000c\000o\000l}{chapter.18}% 350
\BOOKMARK [2][-]{section*.151}{\376\377\000A\000n\000o\000t\000h\000e\000r\000\040\000l\000i\000t\000t\000l\000e\000\040\000i\000m\000p\000r\000o\000v\000e\000m\000e\000n\000t}{section.18.21}% 351
\BOOKMARK [1][-]{section.18.22}{\376\377\000A\000c\000t\000i\000v\000e\000\040\000t\000i\000l\000e\000\040\000a\000c\000t\000i\000o\000n\000s}{chapter.18}% 352
\BOOKMARK [1][-]{section.18.23}{\376\377\000A\000l\000t\000e\000r\000n\000a\000t\000i\000n\000g\000\040\000p\000l\000a\000y\000e\000r\000s}{chapter.18}% 353
\BOOKMARK [1][-]{section.18.24}{\376\377\000P\000l\000a\000y\000e\000r\000\040\000t\000u\000r\000n\000s\000\040\000a\000n\000d\000\040\000c\000u\000r\000r\000e\000n\000t\000\040\000p\000l\000a\000y\000e\000r}{chapter.18}% 354
\BOOKMARK [1][-]{section.18.25}{\376\377\000H\000o\000w\000\040\000t\000o\000\040\000f\000i\000n\000d\000\040\000t\000h\000e\000\040\000l\000o\000g\000i\000c\000\040\000o\000f\000\040\000c\000u\000r\000r\000e\000n\000t\000P\000l\000a\000y\000e\000r\000?}{chapter.18}% 355
\BOOKMARK [1][-]{section.18.26}{\376\377\000G\000a\000m\000e\000\040\000e\000n\000d}{chapter.18}% 356
\BOOKMARK [2][-]{section*.152}{\376\377\000A\000l\000t\000e\000r\000n\000a\000t\000e\000\040\000s\000o\000l\000u\000t\000i\000o\000n}{section.18.26}% 357
\BOOKMARK [1][-]{section.18.27}{\376\377\000P\000l\000a\000y\000i\000n\000g\000\040\000o\000n\000e\000\040\000m\000o\000v\000e}{chapter.18}% 358
\BOOKMARK [2][-]{section*.153}{\376\377\000P\000l\000a\000y\000i\000n\000g\000\040\000o\000n\000e\000\040\000g\000a\000m\000e\000\040\000s\000t\000e\000p}{section.18.27}% 359
\BOOKMARK [1][-]{section.18.28}{\376\377\000A\000u\000t\000o\000m\000a\000t\000e\000d\000\040\000p\000l\000a\000y}{chapter.18}% 360
\BOOKMARK [2][-]{section*.154}{\376\377\000S\000o\000m\000e\000\040\000f\000i\000n\000a\000l\000\040\000t\000e\000s\000t\000s}{section.18.28}% 361
\BOOKMARK [1][-]{section.18.29}{\376\377\000V\000a\000r\000i\000a\000t\000i\000o\000n\000s}{chapter.18}% 362
\BOOKMARK [1][-]{section.18.30}{\376\377\000C\000o\000n\000c\000l\000u\000s\000i\000o\000n}{chapter.18}% 363
\BOOKMARK [0][-]{chapter.19}{\376\377\000T\000i\000n\000y\000C\000h\000a\000t\000:\000\040\000a\000\040\000f\000u\000n\000\040\000a\000n\000d\000\040\000s\000m\000a\000l\000l\000\040\000c\000h\000a\000t\000\040\000c\000l\000i\000e\000n\000t\000/\000s\000e\000r\000v\000e\000r}{part.5}% 364
\BOOKMARK [1][-]{section.19.1}{\376\377\000O\000b\000j\000e\000c\000t\000i\000v\000e\000s\000\040\000a\000n\000d\000\040\000a\000r\000c\000h\000i\000t\000e\000c\000t\000u\000r\000e}{chapter.19}% 365
\BOOKMARK [1][-]{section.19.2}{\376\377\000L\000o\000a\000d\000i\000n\000g\000\040\000T\000e\000a\000p\000o\000t}{chapter.19}% 366
\BOOKMARK [1][-]{section.19.3}{\376\377\000M\000e\000s\000s\000a\000g\000e\000\040\000r\000e\000p\000r\000e\000s\000e\000n\000t\000a\000t\000i\000o\000n}{chapter.19}% 367
\BOOKMARK [2][-]{section*.155}{\376\377\000C\000l\000a\000s\000s\000\040\000T\000C\000M\000e\000s\000s\000a\000g\000e}{section.19.3}% 368
\BOOKMARK [2][-]{section*.156}{\376\377\000A\000c\000c\000e\000s\000s\000o\000r\000\040\000c\000r\000e\000a\000t\000i\000o\000n}{section.19.3}% 369
\BOOKMARK [1][-]{section.19.4}{\376\377\000I\000n\000s\000t\000a\000n\000c\000e\000\040\000i\000n\000i\000t\000i\000a\000l\000i\000s\000a\000t\000i\000o\000n}{chapter.19}% 370
\BOOKMARK [1][-]{section.19.5}{\376\377\000C\000o\000n\000v\000e\000r\000t\000i\000n\000g\000\040\000a\000\040\000m\000e\000s\000s\000a\000g\000e\000\040\000o\000b\000j\000e\000c\000t\000\040\000i\000n\000t\000o\000\040\000a\000\040\000s\000t\000r\000i\000n\000g}{chapter.19}% 371
\BOOKMARK [1][-]{section.19.6}{\376\377\000B\000u\000i\000l\000d\000i\000n\000g\000\040\000a\000\040\000m\000e\000s\000s\000a\000g\000e\000\040\000f\000r\000o\000m\000\040\000a\000\040\000s\000t\000r\000i\000n\000g\000\040}{chapter.19}% 372
\BOOKMARK [1][-]{section.19.7}{\376\377\000S\000t\000a\000r\000t\000i\000n\000g\000\040\000w\000i\000t\000h\000\040\000t\000h\000e\000\040\000s\000e\000r\000v\000e\000r}{chapter.19}% 373
\BOOKMARK [2][-]{section*.157}{\376\377\000S\000t\000o\000r\000i\000n\000g\000\040\000m\000e\000s\000s\000a\000g\000e\000s}{section.19.7}% 374
\BOOKMARK [2][-]{section*.158}{\376\377\000B\000a\000s\000i\000c\000\040\000o\000p\000e\000r\000a\000t\000i\000o\000n\000s\000\040\000o\000n\000\040\000m\000e\000s\000s\000a\000g\000e\000\040\000l\000i\000s\000t\000\040}{section.19.7}% 375
\BOOKMARK [2][-]{section*.159}{\376\377\000L\000i\000s\000t\000\040\000o\000f\000\040\000m\000e\000s\000s\000a\000g\000e\000s\000\040\000f\000r\000o\000m\000\040\000a\000\040\000p\000o\000s\000i\000t\000i\000o\000n\000\040}{section.19.7}% 376
\BOOKMARK [2][-]{section*.160}{\376\377\000M\000e\000s\000s\000a\000g\000e\000\040\000f\000o\000r\000m\000a\000t\000t\000i\000n\000g}{section.19.7}% 377
\BOOKMARK [1][-]{section.19.8}{\376\377\000T\000h\000e\000\040\000C\000h\000a\000t\000\040\000s\000e\000r\000v\000e\000r}{chapter.19}% 378
\BOOKMARK [2][-]{section*.161}{\376\377\000T\000C\000S\000e\000r\000v\000e\000r\000\040\000c\000l\000a\000s\000s\000\040\000c\000r\000e\000a\000t\000i\000o\000n}{section.19.8}% 379
\BOOKMARK [1][-]{section.19.9}{\376\377\000S\000e\000r\000v\000e\000r\000\040\000l\000o\000g\000i\000c}{chapter.19}% 380
\BOOKMARK [1][-]{section.19.10}{\376\377\000T\000h\000e\000\040\000c\000l\000i\000e\000n\000t\000\040}{chapter.19}% 381
\BOOKMARK [2][-]{section*.162}{\376\377\000T\000i\000n\000y\000C\000h\000a\000t\000\040\000c\000l\000a\000s\000s}{section.19.10}% 382
\BOOKMARK [2][-]{section*.163}{\376\377\000H\000T\000T\000P\000\040\000c\000o\000m\000m\000a\000n\000d\000s}{section.19.10}% 383
\BOOKMARK [1][-]{section.19.11}{\376\377\000C\000l\000i\000e\000n\000t\000\040\000o\000p\000e\000r\000a\000t\000i\000o\000n\000s}{chapter.19}% 384
\BOOKMARK [1][-]{section.19.12}{\376\377\000C\000l\000i\000e\000n\000t\000\040\000c\000o\000n\000n\000e\000c\000t\000i\000o\000n\000\040\000p\000a\000r\000a\000m\000e\000t\000e\000r\000s}{chapter.19}% 385
\BOOKMARK [1][-]{section.19.13}{\376\377\000U\000s\000e\000r\000\040\000i\000n\000t\000e\000r\000f\000a\000c\000e}{chapter.19}% 386
\BOOKMARK [1][-]{section.19.14}{\376\377\000N\000o\000w\000\040\000c\000h\000a\000t\000t\000i\000n\000g}{chapter.19}% 387
\BOOKMARK [1][-]{section.19.15}{\376\377\000C\000o\000n\000c\000l\000u\000s\000i\000o\000n\000\040\000a\000n\000d\000\040\000i\000d\000e\000a\000s\000\040\000f\000o\000r\000\040\000f\000u\000t\000u\000r\000e\000\040\000e\000x\000t\000e\000n\000s\000i\000o\000n\000s}{chapter.19}% 388
\BOOKMARK [0][-]{chapter*.164}{\376\377\000B\000i\000b\000l\000i\000o\000g\000r\000a\000p\000h\000y}{part.5}% 389
