\BOOKMARK [0][-]{section*.1}{\376\377\000I\000l\000l\000u\000s\000t\000r\000a\000t\000i\000o\000n\000s}{}% 1
\BOOKMARK [0][-]{chapter.1}{\376\377\000D\000e\000v\000e\000l\000o\000p\000i\000n\000g\000\040\000a\000\040\000s\000i\000m\000p\000l\000e\000\040\000c\000o\000u\000n\000t\000e\000r}{}% 2
\BOOKMARK [1][-]{section*.2}{\376\377\000C\000o\000m\000p\000a\000n\000i\000o\000n\000\040\000v\000i\000d\000e\000o\000s}{chapter.1}% 3
\BOOKMARK [1][-]{section.1.1}{\376\377\000O\000u\000r\000\040\000u\000s\000e\000\040\000c\000a\000s\000e}{chapter.1}% 4
\BOOKMARK [1][-]{section.1.2}{\376\377\000C\000r\000e\000a\000t\000e\000\040\000y\000o\000u\000r\000\040\000o\000w\000n\000\040\000c\000l\000a\000s\000s}{chapter.1}% 5
\BOOKMARK [2][-]{section*.3}{\376\377\000C\000r\000e\000a\000t\000e\000\040\000a\000\040\000p\000a\000c\000k\000a\000g\000e}{section.1.2}% 6
\BOOKMARK [2][-]{section*.4}{\376\377\000C\000r\000e\000a\000t\000e\000\040\000a\000\040\000c\000l\000a\000s\000s}{section.1.2}% 7
\BOOKMARK [1][-]{section.1.3}{\376\377\000D\000e\000f\000i\000n\000e\000\040\000p\000r\000o\000t\000o\000c\000o\000l\000s\000\040\000a\000n\000d\000\040\000m\000e\000t\000h\000o\000d\000s}{chapter.1}% 8
\BOOKMARK [2][-]{section*.5}{\376\377\000C\000r\000e\000a\000t\000e\000\040\000a\000\040\000m\000e\000t\000h\000o\000d}{section.1.3}% 9
\BOOKMARK [2][-]{section*.6}{\376\377\000A\000d\000d\000i\000n\000g\000\040\000a\000\040\000s\000e\000t\000t\000e\000r\000\040\000m\000e\000t\000h\000o\000d}{section.1.3}% 10
\BOOKMARK [1][-]{section.1.4}{\376\377\000D\000e\000f\000i\000n\000e\000\040\000a\000\040\000T\000e\000s\000t\000\040\000C\000l\000a\000s\000s}{chapter.1}% 11
\BOOKMARK [1][-]{section.1.5}{\376\377\000S\000a\000v\000i\000n\000g\000\040\000y\000o\000u\000r\000\040\000w\000o\000r\000k}{chapter.1}% 12
\BOOKMARK [2][-]{section*.7}{\376\377\000S\000a\000v\000i\000n\000g\000\040\000u\000s\000i\000n\000g\000\040\000M\000o\000n\000t\000i\000c\000e\000l\000l\000o}{section.1.5}% 13
\BOOKMARK [3][-]{section*.8}{\376\377\000A\000d\000d\000\040\000a\000\040\000r\000e\000p\000o\000s\000i\000t\000o\000r\000y}{section*.7}% 14
\BOOKMARK [3][-]{section*.9}{\376\377\000S\000a\000v\000i\000n\000g\000\040\000y\000o\000u\000r\000\040\000p\000a\000c\000k\000a\000g\000e}{section*.7}% 15
\BOOKMARK [1][-]{section.1.6}{\376\377\000A\000d\000d\000i\000n\000g\000\040\000m\000o\000r\000e\000\040\000m\000e\000s\000s\000a\000g\000e\000s}{chapter.1}% 16
\BOOKMARK [1][-]{section.1.7}{\376\377\000B\000e\000t\000t\000e\000r\000\040\000o\000b\000j\000e\000c\000t\000\040\000d\000e\000s\000c\000r\000i\000p\000t\000i\000o\000n}{chapter.1}% 17
\BOOKMARK [1][-]{section.1.8}{\376\377\000I\000n\000s\000t\000a\000n\000c\000e\000\040\000i\000n\000i\000t\000i\000a\000l\000i\000z\000a\000t\000i\000o\000n\000\040\000m\000e\000t\000h\000o\000d}{chapter.1}% 18
\BOOKMARK [2][-]{section*.10}{\376\377\000D\000e\000f\000i\000n\000e\000\040\000a\000n\000\040\000i\000n\000i\000t\000i\000a\000l\000i\000z\000e\000\040\000m\000e\000t\000h\000o\000d}{section.1.8}% 19
\BOOKMARK [1][-]{section.1.9}{\376\377\000C\000o\000n\000c\000l\000u\000s\000i\000o\000n}{chapter.1}% 20
\BOOKMARK [0][-]{chapter*.11}{\376\377\000B\000i\000b\000l\000i\000o\000g\000r\000a\000p\000h\000y}{}% 21
