\BOOKMARK [0][-]{section*.1}{\376\377\000I\000l\000l\000u\000s\000t\000r\000a\000t\000i\000o\000n\000s}{}% 1
\BOOKMARK [0][-]{chapter.1}{\376\377\000P\000h\000a\000r\000o\000'\000s\000\040\000s\000y\000n\000t\000a\000x\000\040\000o\000v\000e\000r\000v\000i\000e\000w}{}% 2
\BOOKMARK [1][-]{section.1.1}{\376\377\000M\000i\000n\000i\000m\000a\000l}{chapter.1}% 3
\BOOKMARK [1][-]{section.1.2}{\376\377\000L\000i\000t\000e\000r\000a\000l\000\040\000o\000b\000j\000e\000c\000t\000s}{chapter.1}% 4
\BOOKMARK [2][-]{section*.2}{\376\377\000C\000o\000m\000m\000e\000n\000t\000s}{section.1.2}% 5
\BOOKMARK [2][-]{section*.3}{\376\377\000C\000h\000a\000r\000a\000c\000t\000e\000r\000s\000,\000\040\000S\000t\000r\000i\000n\000g\000s\000\040\000a\000n\000d\000\040\000S\000y\000m\000b\000o\000l\000s}{section.1.2}% 6
\BOOKMARK [2][-]{section*.4}{\376\377\000B\000o\000o\000l\000e\000a\000n\000s}{section.1.2}% 7
\BOOKMARK [2][-]{section*.5}{\376\377\000A\000r\000r\000a\000y\000s}{section.1.2}% 8
\BOOKMARK [1][-]{section.1.3}{\376\377\000K\000e\000y\000\040\000e\000x\000p\000r\000e\000s\000s\000i\000o\000n\000s}{chapter.1}% 9
\BOOKMARK [2][-]{section*.6}{\376\377\000V\000a\000r\000i\000a\000b\000l\000e\000\040\000d\000e\000f\000i\000n\000i\000t\000i\000o\000n\000\040\000a\000n\000d\000\040\000a\000s\000s\000i\000g\000n\000m\000e\000n\000t}{section.1.3}% 10
\BOOKMARK [2][-]{section*.7}{\376\377\000S\000p\000e\000c\000i\000a\000l\000\040\000v\000a\000r\000i\000a\000b\000l\000e\000s}{section.1.3}% 11
\BOOKMARK [2][-]{section*.8}{\376\377\000R\000e\000t\000u\000r\000n\000i\000n\000g\000\040\000a\000n\000\040\000o\000b\000j\000e\000c\000t}{section.1.3}% 12
\BOOKMARK [2][-]{section*.9}{\376\377\000S\000e\000q\000u\000e\000n\000c\000e\000\040\000o\000f\000\040\000e\000x\000p\000r\000e\000s\000s\000i\000o\000n\000s}{section.1.3}% 13
\BOOKMARK [1][-]{section.1.4}{\376\377\000M\000e\000s\000s\000a\000g\000e\000\040\000s\000t\000r\000u\000c\000t\000u\000r\000e}{chapter.1}% 14
\BOOKMARK [1][-]{section.1.5}{\376\377\000T\000h\000r\000e\000e\000\040\000k\000i\000n\000d\000\040\000o\000f\000\040\000M\000e\000s\000s\000a\000g\000e\000s}{chapter.1}% 15
\BOOKMARK [1][-]{section.1.6}{\376\377\000U\000n\000a\000r\000y\000\040\000m\000e\000s\000s\000a\000g\000e\000s}{chapter.1}% 16
\BOOKMARK [1][-]{section.1.7}{\376\377\000B\000i\000n\000a\000r\000y\000\040\000m\000e\000s\000s\000a\000g\000e\000s}{chapter.1}% 17
\BOOKMARK [1][-]{section.1.8}{\376\377\000K\000e\000y\000w\000o\000r\000d\000\040\000m\000e\000s\000s\000a\000g\000e\000s}{chapter.1}% 18
\BOOKMARK [1][-]{section.1.9}{\376\377\000E\000x\000e\000c\000u\000t\000i\000o\000n\000\040\000o\000r\000d\000e\000r\000\040\000a\000n\000d\000\040\000p\000a\000r\000e\000n\000t\000h\000e\000s\000e\000s}{chapter.1}% 19
\BOOKMARK [1][-]{section.1.10}{\376\377\000S\000e\000n\000d\000i\000n\000g\000\040\000m\000u\000l\000t\000i\000p\000l\000e\000\040\000m\000e\000s\000s\000a\000g\000e\000s\000\040\000t\000o\000\040\000t\000h\000e\000\040\000s\000a\000m\000e\000\040\000o\000b\000j\000e\000c\000t}{chapter.1}% 20
\BOOKMARK [1][-]{section.1.11}{\376\377\000B\000l\000o\000c\000k\000s}{chapter.1}% 21
\BOOKMARK [1][-]{section.1.12}{\376\377\000M\000e\000t\000h\000o\000d\000\040\000s\000y\000n\000t\000a\000x}{chapter.1}% 22
\BOOKMARK [1][-]{section.1.13}{\376\377\000S\000o\000m\000e\000\040\000c\000o\000n\000d\000i\000t\000i\000o\000n\000a\000l\000s}{chapter.1}% 23
\BOOKMARK [1][-]{section.1.14}{\376\377\000S\000o\000m\000e\000\040\000l\000o\000o\000p\000s}{chapter.1}% 24
\BOOKMARK [1][-]{section.1.15}{\376\377\000I\000t\000e\000r\000a\000t\000o\000r\000s}{chapter.1}% 25
\BOOKMARK [1][-]{section.1.16}{\376\377\000C\000h\000a\000p\000t\000e\000r\000\040\000s\000u\000m\000m\000a\000r\000y}{chapter.1}% 26
\BOOKMARK [0][-]{chapter*.10}{\376\377\000B\000i\000b\000l\000i\000o\000g\000r\000a\000p\000h\000y}{}% 27
