\BOOKMARK [0][-]{section*.1}{\376\377\000I\000l\000l\000u\000s\000t\000r\000a\000t\000i\000o\000n\000s}{}% 1
\BOOKMARK [0][-]{chapter.1}{\376\377\000C\000r\000a\000f\000t\000i\000n\000g\000\040\000a\000\040\000s\000i\000m\000p\000l\000e\000\040\000e\000m\000b\000e\000d\000d\000e\000d\000\040\000D\000S\000L\000\040\000w\000i\000t\000h\000\040\000P\000h\000a\000r\000o}{}% 2
\BOOKMARK [1][-]{section.1.1}{\376\377\000G\000e\000t\000t\000i\000n\000g\000\040\000s\000t\000a\000r\000t\000e\000d}{chapter.1}% 3
\BOOKMARK [2][-]{section*.2}{\376\377\000C\000r\000e\000a\000t\000e\000\040\000a\000\040\000t\000e\000s\000t\000\040}{section.1.1}% 4
\BOOKMARK [2][-]{section*.3}{\376\377\000D\000e\000f\000i\000n\000e\000\040\000t\000h\000e\000\040\000c\000l\000a\000s\000s\000\040\000D\000i\000e}{section.1.1}% 5
\BOOKMARK [1][-]{section.1.2}{\376\377\000R\000o\000l\000l\000i\000n\000g\000\040\000a\000\040\000d\000i\000e}{chapter.1}% 6
\BOOKMARK [1][-]{section.1.3}{\376\377\000C\000r\000e\000a\000t\000i\000n\000g\000\040\000a\000n\000o\000t\000h\000e\000r\000\040\000t\000e\000s\000t}{chapter.1}% 7
\BOOKMARK [1][-]{section.1.4}{\376\377\000I\000n\000s\000t\000a\000n\000c\000e\000\040\000c\000r\000e\000a\000t\000i\000o\000n\000\040\000i\000n\000t\000e\000r\000f\000a\000c\000e}{chapter.1}% 8
\BOOKMARK [2][-]{section*.4}{\376\377\000D\000e\000f\000i\000n\000i\000n\000g\000\040\000a\000\040\000c\000l\000a\000s\000s\000\040\000m\000e\000t\000h\000o\000d}{section.1.4}% 9
\BOOKMARK [2][-]{section*.5}{\376\377\000[\000O\000p\000t\000i\000o\000n\000a\000l\000]\000\040\000A\000l\000t\000e\000r\000n\000a\000t\000e\000\040\000i\000n\000s\000t\000a\000n\000c\000e\000\040\000c\000r\000e\000a\000t\000i\000o\000n\000\040\000d\000e\000f\000i\000n\000i\000t\000i\000o\000n}{section.1.4}% 10
\BOOKMARK [1][-]{section.1.5}{\376\377\000F\000i\000r\000s\000t\000\040\000s\000p\000e\000c\000i\000f\000i\000c\000a\000t\000i\000o\000n\000\040\000o\000f\000\040\000a\000\040\000d\000i\000e\000\040\000h\000a\000n\000d\000l\000e}{chapter.1}% 11
\BOOKMARK [2][-]{section*.6}{\376\377\000T\000e\000s\000t\000i\000n\000g\000\040\000a\000\040\000d\000i\000e\000\040\000h\000a\000n\000d\000l\000e}{section.1.5}% 12
\BOOKMARK [1][-]{section.1.6}{\376\377\000D\000e\000f\000i\000n\000i\000n\000g\000\040\000t\000h\000e\000\040\000D\000i\000e\000H\000a\000n\000d\000l\000e\000\040\000c\000l\000a\000s\000s}{chapter.1}% 13
\BOOKMARK [1][-]{section.1.7}{\376\377\000I\000m\000p\000r\000o\000v\000i\000n\000g\000\040\000p\000r\000o\000g\000r\000a\000m\000m\000e\000r\000\040\000e\000x\000p\000e\000r\000i\000e\000n\000c\000e}{chapter.1}% 14
\BOOKMARK [1][-]{section.1.8}{\376\377\000R\000o\000l\000l\000i\000n\000g\000\040\000a\000\040\000d\000i\000e\000\040\000h\000a\000n\000d\000l\000e}{chapter.1}% 15
\BOOKMARK [1][-]{section.1.9}{\376\377\000A\000b\000o\000u\000t\000\040\000D\000i\000c\000e\000\040\000a\000n\000d\000\040\000D\000i\000e\000H\000a\000n\000d\000l\000e\000\040\000A\000P\000I}{chapter.1}% 16
\BOOKMARK [2][-]{section*.7}{\376\377\000A\000b\000o\000u\000t\000\040\000c\000o\000m\000p\000o\000s\000i\000t\000i\000o\000n}{section.1.9}% 17
\BOOKMARK [1][-]{section.1.10}{\376\377\000R\000o\000l\000e\000\040\000p\000l\000a\000y\000i\000n\000g\000\040\000s\000y\000n\000t\000a\000x}{chapter.1}% 18
\BOOKMARK [2][-]{section*.8}{\376\377\000A\000b\000o\000u\000t\000\040\000c\000l\000a\000s\000s\000\040\000e\000x\000t\000e\000n\000s\000i\000o\000n\000s}{section.1.10}% 19
\BOOKMARK [1][-]{section.1.11}{\376\377\000H\000a\000n\000d\000l\000e\000'\000s\000\040\000a\000d\000d\000i\000t\000i\000o\000n}{chapter.1}% 20
\BOOKMARK [1][-]{section.1.12}{\376\377\000C\000o\000n\000c\000l\000u\000s\000i\000o\000n}{chapter.1}% 21
\BOOKMARK [0][-]{chapter*.9}{\376\377\000B\000i\000b\000l\000i\000o\000g\000r\000a\000p\000h\000y}{}% 22
