\BOOKMARK [0][-]{section*.1}{\376\377\000I\000l\000l\000u\000s\000t\000r\000a\000t\000i\000o\000n\000s}{}% 1
\BOOKMARK [0][-]{chapter.1}{\376\377\000A\000\040\000s\000i\000m\000p\000l\000e\000\040\000n\000e\000t\000w\000o\000r\000k\000\040\000s\000i\000m\000u\000l\000a\000t\000o\000r\000\040}{}% 2
\BOOKMARK [1][-]{section*.2}{\376\377\000B\000a\000s\000i\000c\000\040\000d\000e\000f\000i\000n\000i\000t\000i\000o\000n\000s\000\040\000a\000n\000d\000\040\000a\000\040\000s\000t\000a\000r\000t\000i\000n\000g\000\040\000p\000o\000i\000n\000t}{chapter.1}% 3
\BOOKMARK [1][-]{section.1.1}{\376\377\000P\000a\000c\000k\000e\000t\000s\000\040\000a\000r\000e\000\040\000s\000i\000m\000p\000l\000e\000\040\000v\000a\000l\000u\000e\000\040\000o\000b\000j\000e\000c\000t\000s}{chapter.1}% 4
\BOOKMARK [1][-]{section.1.2}{\376\377\000N\000o\000d\000e\000s\000\040\000a\000r\000e\000\040\000k\000n\000o\000w\000n\000\040\000b\000y\000\040\000t\000h\000e\000i\000r\000\040\000a\000d\000d\000r\000e\000s\000s}{chapter.1}% 5
\BOOKMARK [1][-]{section.1.3}{\376\377\000L\000i\000n\000k\000s\000\040\000a\000r\000e\000\040\000o\000n\000e\000-\000w\000a\000y\000\040\000c\000o\000n\000n\000e\000c\000t\000i\000o\000n\000s\000\040\000b\000e\000t\000w\000e\000e\000n\000\040\000n\000o\000d\000e\000s}{chapter.1}% 6
\BOOKMARK [1][-]{section.1.4}{\376\377\000M\000a\000k\000i\000n\000g\000\040\000o\000u\000r\000\040\000o\000b\000j\000e\000c\000t\000s\000\040\000m\000o\000r\000e\000\040\000u\000n\000d\000e\000r\000s\000t\000a\000n\000d\000a\000b\000l\000e}{chapter.1}% 7
\BOOKMARK [1][-]{section.1.5}{\376\377\000S\000i\000m\000u\000l\000a\000t\000i\000n\000g\000\040\000t\000h\000e\000\040\000s\000t\000e\000p\000s\000\040\000o\000f\000\040\000p\000a\000c\000k\000e\000t\000\040\000d\000e\000l\000i\000v\000e\000r\000y}{chapter.1}% 8
\BOOKMARK [1][-]{section.1.6}{\376\377\000S\000e\000n\000d\000i\000n\000g\000\040\000a\000\040\000p\000a\000c\000k\000e\000t}{chapter.1}% 9
\BOOKMARK [1][-]{section.1.7}{\376\377\000T\000r\000a\000n\000s\000m\000i\000t\000t\000i\000n\000g\000\040\000a\000c\000r\000o\000s\000s\000\040\000a\000\040\000l\000i\000n\000k}{chapter.1}% 10
\BOOKMARK [1][-]{section.1.8}{\376\377\000T\000h\000e\000\040\000l\000o\000o\000p\000b\000a\000c\000k\000\040\000l\000i\000n\000k}{chapter.1}% 11
\BOOKMARK [1][-]{section.1.9}{\376\377\000M\000o\000d\000e\000l\000i\000n\000g\000\040\000t\000h\000e\000\040\000n\000e\000t\000w\000o\000r\000k\000\040\000i\000t\000s\000e\000l\000f}{chapter.1}% 12
\BOOKMARK [2][-]{section*.3}{\376\377\000C\000o\000n\000n\000e\000c\000t\000i\000n\000g\000\040\000n\000o\000d\000e\000s\000.}{section.1.9}% 13
\BOOKMARK [1][-]{section.1.10}{\376\377\000L\000o\000o\000k\000i\000n\000g\000\040\000u\000p\000\040\000n\000o\000d\000e\000s}{chapter.1}% 14
\BOOKMARK [1][-]{section.1.11}{\376\377\000L\000o\000o\000k\000i\000n\000g\000\040\000u\000p\000\040\000l\000i\000n\000k\000s}{chapter.1}% 15
\BOOKMARK [2][-]{section*.4}{\376\377\000F\000i\000n\000a\000l\000\040\000c\000h\000e\000c\000k\000.\000\040}{section.1.11}% 16
\BOOKMARK [1][-]{section.1.12}{\376\377\000P\000a\000c\000k\000e\000t\000\040\000d\000e\000l\000i\000v\000e\000r\000y\000\040\000w\000i\000t\000h\000\040\000f\000o\000r\000w\000a\000r\000d\000i\000n\000g}{chapter.1}% 17
\BOOKMARK [1][-]{section.1.13}{\376\377\000I\000n\000t\000r\000o\000d\000u\000c\000i\000n\000g\000\040\000a\000\040\000n\000e\000w\000\040\000k\000i\000n\000d\000\040\000o\000f\000\040\000n\000o\000d\000e}{chapter.1}% 18
\BOOKMARK [1][-]{section.1.14}{\376\377\000O\000t\000h\000e\000r\000\040\000e\000x\000a\000m\000p\000l\000e\000s\000\040\000o\000f\000\040\000s\000p\000e\000c\000i\000a\000l\000i\000z\000e\000d\000\040\000n\000o\000d\000e\000s}{chapter.1}% 19
\BOOKMARK [2][-]{section*.5}{\376\377\000W\000o\000r\000k\000s\000t\000a\000t\000i\000o\000n\000s\000\040\000c\000o\000u\000n\000t\000i\000n\000g\000\040\000r\000e\000c\000e\000i\000v\000e\000d\000\040\000p\000a\000c\000k\000e\000t\000s}{section.1.14}% 20
\BOOKMARK [2][-]{section*.6}{\376\377\000P\000r\000i\000n\000t\000e\000r\000s\000\040\000a\000c\000c\000u\000m\000u\000l\000a\000t\000i\000n\000g\000\040\000p\000r\000i\000n\000t\000o\000u\000t\000s}{section.1.14}% 21
\BOOKMARK [2][-]{section*.7}{\376\377\000S\000e\000r\000v\000e\000r\000s\000\040\000a\000n\000s\000w\000e\000r\000i\000n\000g\000\040\000r\000e\000q\000u\000e\000s\000t\000s}{section.1.14}% 22
\BOOKMARK [1][-]{section.1.15}{\376\377\000C\000o\000n\000c\000l\000u\000s\000i\000o\000n}{chapter.1}% 23
\BOOKMARK [0][-]{chapter*.8}{\376\377\000B\000i\000b\000l\000i\000o\000g\000r\000a\000p\000h\000y}{}% 24
