\BOOKMARK [0][-]{section*.1}{\376\377\000I\000l\000l\000u\000s\000t\000r\000a\000t\000i\000o\000n\000s}{}% 1
\BOOKMARK [0][-]{chapter.1}{\376\377\000S\000n\000a\000k\000e\000s\000\040\000a\000n\000d\000\040\000l\000a\000d\000d\000e\000r\000s}{}% 2
\BOOKMARK [1][-]{section.1.1}{\376\377\000G\000a\000m\000e\000\040\000r\000u\000l\000e\000s}{chapter.1}% 3
\BOOKMARK [1][-]{section.1.2}{\376\377\000G\000a\000m\000e\000\040\000p\000o\000s\000s\000i\000b\000l\000e\000\040\000r\000u\000n}{chapter.1}% 4
\BOOKMARK [1][-]{section.1.3}{\376\377\000P\000o\000t\000e\000n\000t\000i\000a\000l\000\040\000o\000b\000j\000e\000c\000t\000s\000\040\000a\000n\000d\000\040\000r\000e\000s\000p\000o\000n\000s\000i\000b\000i\000l\000i\000t\000i\000e\000s}{chapter.1}% 5
\BOOKMARK [2][-]{section*.2}{\376\377\000P\000o\000s\000s\000i\000b\000l\000e\000\040\000c\000l\000a\000s\000s\000\040\000c\000a\000n\000d\000i\000d\000a\000t\000e\000s}{section.1.3}% 6
\BOOKMARK [2][-]{section*.3}{\376\377\000A\000b\000o\000u\000t\000\040\000r\000e\000p\000r\000e\000s\000e\000n\000t\000a\000t\000i\000o\000n\000\040}{section.1.3}% 7
\BOOKMARK [1][-]{section.1.4}{\376\377\000A\000b\000o\000u\000t\000\040\000o\000b\000j\000e\000c\000t\000-\000o\000r\000i\000e\000n\000t\000e\000d\000\040\000d\000e\000s\000i\000g\000n}{chapter.1}% 8
\BOOKMARK [2][-]{section*.4}{\376\377\000C\000R\000C\000\040\000c\000a\000r\000d\000s}{section.1.4}% 9
\BOOKMARK [2][-]{section*.5}{\376\377\000S\000o\000m\000e\000\040\000h\000e\000u\000r\000i\000s\000t\000i\000c\000s}{section.1.4}% 10
\BOOKMARK [2][-]{section*.6}{\376\377\000K\000i\000n\000d\000\040\000o\000f\000\040\000d\000a\000t\000a\000\040\000p\000a\000s\000s\000e\000d\000\040\000a\000r\000o\000u\000n\000d}{section.1.4}% 11
\BOOKMARK [2][-]{section*.7}{\376\377\000A\000g\000i\000l\000i\000t\000y\000\040\000t\000o\000\040\000a\000d\000a\000p\000t}{section.1.4}% 12
\BOOKMARK [1][-]{section.1.5}{\376\377\000L\000e\000t\000\040\000u\000s\000\040\000g\000e\000t\000\040\000s\000t\000a\000r\000t\000e\000d}{chapter.1}% 13
\BOOKMARK [1][-]{section.1.6}{\376\377\000A\000\040\000f\000i\000r\000s\000t\000\040\000r\000e\000a\000l\000\040\000t\000e\000s\000t}{chapter.1}% 14
\BOOKMARK [1][-]{section.1.7}{\376\377\000A\000c\000c\000e\000s\000s\000i\000n\000g\000\040\000o\000n\000e\000\040\000t\000i\000l\000e}{chapter.1}% 15
\BOOKMARK [1][-]{section.1.8}{\376\377\000A\000d\000d\000i\000n\000g\000\040\000p\000l\000a\000y\000e\000r\000s}{chapter.1}% 16
\BOOKMARK [1][-]{section.1.9}{\376\377\000A\000v\000o\000i\000d\000\040\000l\000e\000a\000k\000i\000n\000g\000\040\000i\000m\000p\000l\000e\000m\000e\000n\000t\000a\000t\000i\000o\000n\000\040\000i\000n\000f\000o\000r\000m\000a\000t\000i\000o\000n}{chapter.1}% 17
\BOOKMARK [1][-]{section.1.10}{\376\377\000A\000b\000o\000u\000t\000\040\000t\000o\000o\000l\000s}{chapter.1}% 18
\BOOKMARK [1][-]{section.1.11}{\376\377\000D\000i\000s\000p\000l\000a\000y\000i\000n\000g\000\040\000p\000l\000a\000y\000e\000r\000s}{chapter.1}% 19
\BOOKMARK [1][-]{section.1.12}{\376\377\000P\000r\000e\000p\000a\000r\000i\000n\000g\000\040\000t\000o\000\040\000m\000o\000v\000e\000\040\000p\000l\000a\000y\000e\000r\000s}{chapter.1}% 20
\BOOKMARK [1][-]{section.1.13}{\376\377\000F\000i\000n\000d\000i\000n\000g\000\040\000t\000h\000e\000\040\000t\000i\000l\000e\000\040\000o\000f\000\040\000a\000\040\000p\000l\000a\000y\000e\000r}{chapter.1}% 21
\BOOKMARK [1][-]{section.1.14}{\376\377\000M\000o\000v\000i\000n\000g\000\040\000t\000o\000\040\000a\000n\000o\000t\000h\000e\000r\000\040\000t\000i\000l\000e}{chapter.1}% 22
\BOOKMARK [2][-]{section*.8}{\376\377\000A\000b\000o\000u\000t\000\040\000o\000u\000r\000\040\000i\000m\000p\000l\000e\000m\000e\000n\000t\000a\000t\000i\000o\000n}{section.1.14}% 23
\BOOKMARK [1][-]{section.1.15}{\376\377\000S\000n\000a\000k\000e\000s\000\040\000a\000n\000d\000\040\000l\000a\000d\000d\000e\000r\000s}{chapter.1}% 24
\BOOKMARK [1][-]{section.1.16}{\376\377\000A\000\040\000h\000i\000e\000r\000a\000r\000c\000h\000y\000\040\000o\000f\000\040\000t\000i\000l\000e\000s}{chapter.1}% 25
\BOOKMARK [2][-]{section*.9}{\376\377\000S\000p\000l\000i\000t\000\040\000T\000i\000l\000e\000\040\000c\000l\000a\000s\000s\000\040\000i\000n\000\040\000t\000w\000o\000\040}{section.1.16}% 26
\BOOKMARK [2][-]{section*.10}{\376\377\000A\000d\000d\000i\000n\000g\000\040\000s\000n\000a\000k\000e\000\040\000a\000n\000d\000\040\000l\000a\000d\000d\000e\000r\000\040\000t\000i\000l\000e\000s}{section.1.16}% 27
\BOOKMARK [1][-]{section.1.17}{\376\377\000N\000e\000w\000\040\000p\000r\000i\000n\000t\000i\000n\000g\000\040\000h\000o\000o\000k}{chapter.1}% 28
\BOOKMARK [1][-]{section.1.18}{\376\377\000U\000s\000i\000n\000g\000\040\000t\000h\000e\000\040\000n\000e\000w\000\040\000h\000o\000o\000k}{chapter.1}% 29
\BOOKMARK [2][-]{section*.11}{\376\377\000s\000u\000p\000e\000r\000\040\000d\000o\000e\000s\000\040\000n\000o\000t\000\040\000h\000a\000v\000e\000\040\000t\000o\000\040\000b\000e\000\040\000t\000h\000e\000\040\000f\000i\000r\000s\000t\000\040\000e\000x\000p\000r\000e\000s\000s\000i\000o\000n}{section.1.18}% 30
\BOOKMARK [1][-]{section.1.19}{\376\377\000A\000b\000o\000u\000t\000\040\000h\000o\000o\000k\000s\000\040\000a\000n\000d\000\040\000t\000e\000m\000p\000l\000a\000t\000e\000s}{chapter.1}% 31
\BOOKMARK [1][-]{section.1.20}{\376\377\000S\000n\000a\000k\000e\000\040\000a\000n\000d\000\040\000l\000a\000d\000d\000e\000r\000\040\000d\000e\000c\000l\000a\000r\000a\000t\000i\000o\000n}{chapter.1}% 32
\BOOKMARK [1][-]{section.1.21}{\376\377\000B\000e\000t\000t\000e\000r\000\040\000t\000i\000l\000e\000\040\000p\000r\000o\000t\000o\000c\000o\000l}{chapter.1}% 33
\BOOKMARK [2][-]{section*.12}{\376\377\000A\000n\000o\000t\000h\000e\000r\000\040\000l\000i\000t\000t\000l\000e\000\040\000i\000m\000p\000r\000o\000v\000e\000m\000e\000n\000t}{section.1.21}% 34
\BOOKMARK [1][-]{section.1.22}{\376\377\000A\000c\000t\000i\000v\000e\000\040\000t\000i\000l\000e\000\040\000a\000c\000t\000i\000o\000n\000s}{chapter.1}% 35
\BOOKMARK [1][-]{section.1.23}{\376\377\000A\000l\000t\000e\000r\000n\000a\000t\000i\000n\000g\000\040\000p\000l\000a\000y\000e\000r\000s}{chapter.1}% 36
\BOOKMARK [1][-]{section.1.24}{\376\377\000P\000l\000a\000y\000e\000r\000\040\000t\000u\000r\000n\000s\000\040\000a\000n\000d\000\040\000c\000u\000r\000r\000e\000n\000t\000\040\000p\000l\000a\000y\000e\000r}{chapter.1}% 37
\BOOKMARK [1][-]{section.1.25}{\376\377\000H\000o\000w\000\040\000t\000o\000\040\000f\000i\000n\000d\000\040\000t\000h\000e\000\040\000l\000o\000g\000i\000c\000\040\000o\000f\000\040\000c\000u\000r\000r\000e\000n\000t\000P\000l\000a\000y\000e\000r\000?}{chapter.1}% 38
\BOOKMARK [1][-]{section.1.26}{\376\377\000G\000a\000m\000e\000\040\000e\000n\000d}{chapter.1}% 39
\BOOKMARK [2][-]{section*.13}{\376\377\000A\000l\000t\000e\000r\000n\000a\000t\000e\000\040\000s\000o\000l\000u\000t\000i\000o\000n}{section.1.26}% 40
\BOOKMARK [1][-]{section.1.27}{\376\377\000P\000l\000a\000y\000i\000n\000g\000\040\000o\000n\000e\000\040\000m\000o\000v\000e}{chapter.1}% 41
\BOOKMARK [2][-]{section*.14}{\376\377\000P\000l\000a\000y\000i\000n\000g\000\040\000o\000n\000e\000\040\000g\000a\000m\000e\000\040\000s\000t\000e\000p}{section.1.27}% 42
\BOOKMARK [1][-]{section.1.28}{\376\377\000A\000u\000t\000o\000m\000a\000t\000e\000d\000\040\000p\000l\000a\000y}{chapter.1}% 43
\BOOKMARK [2][-]{section*.15}{\376\377\000S\000o\000m\000e\000\040\000f\000i\000n\000a\000l\000\040\000t\000e\000s\000t\000s}{section.1.28}% 44
\BOOKMARK [1][-]{section.1.29}{\376\377\000V\000a\000r\000i\000a\000t\000i\000o\000n\000s}{chapter.1}% 45
\BOOKMARK [1][-]{section.1.30}{\376\377\000C\000o\000n\000c\000l\000u\000s\000i\000o\000n}{chapter.1}% 46
\BOOKMARK [0][-]{chapter*.16}{\376\377\000B\000i\000b\000l\000i\000o\000g\000r\000a\000p\000h\000y}{}% 47
