\BOOKMARK [0][-]{section*.1}{\376\377\000I\000l\000l\000u\000s\000t\000r\000a\000t\000i\000o\000n\000s}{}% 1
\BOOKMARK [0][-]{chapter.1}{\376\377\000I\000n\000h\000e\000r\000i\000t\000a\000n\000c\000e\000:\000\040\000I\000n\000c\000r\000e\000m\000e\000n\000t\000a\000l\000\040\000d\000e\000f\000i\000n\000i\000t\000i\000o\000n\000\040\000a\000n\000d\000\040\000b\000e\000h\000a\000v\000i\000o\000r\000\040\000r\000e\000u\000s\000e}{}% 2
\BOOKMARK [1][-]{section.1.1}{\376\377\000I\000n\000h\000e\000r\000i\000t\000a\000n\000c\000e}{chapter.1}% 3
\BOOKMARK [1][-]{section.1.2}{\376\377\000I\000m\000p\000r\000o\000v\000i\000n\000g\000\040\000f\000i\000l\000e\000s\000/\000d\000i\000r\000e\000c\000t\000o\000r\000i\000e\000s\000\040\000e\000x\000a\000m\000p\000l\000e\000\040\000d\000e\000s\000i\000g\000n}{chapter.1}% 4
\BOOKMARK [2][-]{section*.2}{\376\377\000O\000b\000j\000e\000c\000t\000i\000v\000e\000s}{section.1.2}% 5
\BOOKMARK [1][-]{section.1.3}{\376\377\000T\000r\000a\000n\000s\000f\000o\000r\000m\000a\000t\000i\000o\000n\000\040\000s\000t\000r\000a\000t\000e\000g\000i\000e\000s}{chapter.1}% 6
\BOOKMARK [1][-]{section.1.4}{\376\377\000F\000a\000c\000t\000o\000r\000i\000n\000g\000\040\000o\000u\000t\000\040\000s\000t\000a\000t\000e}{chapter.1}% 7
\BOOKMARK [2][-]{section*.3}{\376\377\000M\000o\000v\000i\000n\000g\000\040\000i\000n\000s\000t\000a\000n\000c\000e\000\040\000v\000a\000r\000i\000a\000b\000l\000e\000\040\000n\000a\000m\000e\000\040\000t\000o\000\040\000s\000u\000p\000e\000r\000c\000l\000a\000s\000s}{section.1.4}% 8
\BOOKMARK [2][-]{section*.4}{\376\377\000M\000o\000v\000i\000n\000g\000\040\000p\000a\000r\000e\000n\000t\000\040\000t\000o\000\040\000s\000u\000p\000e\000r\000c\000l\000a\000s\000s}{section.1.4}% 9
\BOOKMARK [1][-]{section.1.5}{\376\377\000F\000a\000c\000t\000o\000r\000i\000n\000g\000\040\000s\000i\000m\000i\000l\000a\000r\000\040\000m\000e\000t\000h\000o\000d\000s}{chapter.1}% 10
\BOOKMARK [1][-]{section.1.6}{\376\377\000S\000e\000n\000d\000i\000n\000g\000\040\000a\000\040\000m\000e\000s\000s\000a\000g\000e\000\040\000a\000n\000d\000\040\000m\000e\000t\000h\000o\000d\000\040\000l\000o\000o\000k\000u\000p\000\040}{chapter.1}% 11
\BOOKMARK [2][-]{section*.5}{\376\377\000I\000n\000h\000e\000r\000i\000t\000a\000n\000c\000e\000\040\000p\000r\000o\000p\000e\000r\000t\000i\000e\000s}{section.1.6}% 12
\BOOKMARK [1][-]{section.1.7}{\376\377\000B\000a\000s\000i\000c\000\040\000m\000e\000t\000h\000o\000d\000\040\000o\000v\000e\000r\000r\000i\000d\000e\000s}{chapter.1}% 13
\BOOKMARK [1][-]{section.1.8}{\376\377\000s\000e\000l\000f\000-\000s\000e\000n\000d\000\040\000m\000e\000s\000s\000a\000g\000e\000s\000\040\000a\000n\000d\000\040\000l\000o\000o\000k\000u\000p\000\040\000c\000r\000e\000a\000t\000e\000\040\000h\000o\000o\000k\000s}{chapter.1}% 14
\BOOKMARK [2][-]{section*.6}{\376\377\000E\000x\000a\000m\000p\000l\000e}{section.1.8}% 15
\BOOKMARK [2][-]{section*.7}{\376\377\000D\000e\000s\000c\000r\000i\000b\000e\000\040\000i\000m\000p\000l\000e\000m\000e\000n\000t\000a\000t\000i\000o\000n\000\040}{section.1.8}% 16
\BOOKMARK [1][-]{section.1.9}{\376\377\000H\000o\000o\000k\000/\000T\000e\000m\000p\000l\000a\000t\000e\000\040\000e\000x\000p\000l\000a\000n\000a\000t\000i\000o\000n\000s}{chapter.1}% 17
\BOOKMARK [1][-]{section.1.10}{\376\377\000E\000s\000s\000e\000n\000c\000e\000\040\000o\000f\000\040\000s\000e\000l\000f\000\040\000a\000n\000d\000\040\000d\000i\000s\000p\000a\000t\000c\000h}{chapter.1}% 18
\BOOKMARK [2][-]{section*.8}{\376\377\000S\000o\000l\000u\000t\000i\000o\000n\000s}{section.1.10}% 19
\BOOKMARK [1][-]{section.1.11}{\376\377\000I\000n\000s\000t\000a\000n\000c\000e\000\040\000v\000a\000r\000i\000a\000b\000l\000e\000s\000\040\000v\000s\000.\000\040\000m\000e\000s\000s\000a\000g\000e\000s}{chapter.1}% 20
\BOOKMARK [1][-]{section.1.12}{\376\377\000C\000o\000n\000c\000l\000u\000s\000i\000o\000n}{chapter.1}% 21
\BOOKMARK [0][-]{chapter*.9}{\376\377\000B\000i\000b\000l\000i\000o\000g\000r\000a\000p\000h\000y}{}% 22
