\BOOKMARK [0][-]{section*.1}{\376\377\000I\000l\000l\000u\000s\000t\000r\000a\000t\000i\000o\000n\000s}{}% 1
\BOOKMARK [0][-]{chapter.1}{\376\377\000A\000\040\000l\000i\000t\000t\000l\000e\000\040\000e\000x\000p\000r\000e\000s\000s\000i\000o\000n\000\040\000i\000n\000t\000e\000r\000p\000r\000e\000t\000e\000r}{}% 2
\BOOKMARK [1][-]{section.1.1}{\376\377\000S\000t\000a\000r\000t\000i\000n\000g\000\040\000w\000i\000t\000h\000\040\000c\000o\000n\000s\000t\000a\000n\000t\000\040\000e\000x\000p\000r\000e\000s\000s\000i\000o\000n\000\040\000a\000n\000d\000\040\000a\000\040\000t\000e\000s\000t}{chapter.1}% 3
\BOOKMARK [1][-]{section.1.2}{\376\377\000N\000e\000g\000a\000t\000i\000o\000n}{chapter.1}% 4
\BOOKMARK [1][-]{section.1.3}{\376\377\000A\000d\000d\000i\000n\000g\000\040\000e\000x\000p\000r\000e\000s\000s\000i\000o\000n\000\040\000a\000d\000d\000i\000t\000i\000o\000n}{chapter.1}% 5
\BOOKMARK [1][-]{section.1.4}{\376\377\000M\000u\000l\000t\000i\000p\000l\000i\000c\000a\000t\000i\000o\000n}{chapter.1}% 6
\BOOKMARK [1][-]{section.1.5}{\376\377\000S\000t\000e\000p\000p\000i\000n\000g\000\040\000b\000a\000c\000k\000\040}{chapter.1}% 7
\BOOKMARK [2][-]{section*.2}{\376\377\000M\000e\000s\000s\000a\000g\000e\000s\000\040\000a\000n\000d\000\040\000m\000e\000t\000h\000o\000d\000s}{section.1.5}% 8
\BOOKMARK [2][-]{section*.3}{\376\377\000A\000b\000o\000u\000t\000\040\000c\000o\000m\000m\000o\000n\000\040\000s\000u\000p\000e\000r\000c\000l\000a\000s\000s}{section.1.5}% 9
\BOOKMARK [2][-]{section*.4}{\376\377\000D\000e\000s\000i\000g\000n\000\040\000c\000o\000r\000n\000e\000r\000:\000\040\000A\000b\000o\000u\000t\000\040\000a\000d\000d\000i\000t\000i\000o\000n\000\040\000a\000n\000d\000\040\000m\000u\000l\000t\000i\000p\000l\000i\000c\000a\000t\000i\000o\000n\000\040\000m\000o\000d\000e\000l\000\040}{section.1.5}% 10
\BOOKMARK [1][-]{section.1.6}{\376\377\000N\000e\000g\000a\000t\000e\000d\000\040\000a\000s\000\040\000a\000\040\000m\000e\000s\000s\000a\000g\000e}{chapter.1}% 11
\BOOKMARK [2][-]{section*.5}{\376\377\000n\000e\000g\000a\000t\000e\000d\000\040\000m\000e\000s\000s\000a\000g\000e\000\040\000f\000o\000r\000\040\000c\000o\000n\000s\000t\000a\000n\000t\000s}{section.1.6}% 12
\BOOKMARK [2][-]{section*.6}{\376\377\000n\000e\000g\000a\000t\000e\000d\000\040\000m\000e\000s\000s\000a\000g\000e\000\040\000f\000o\000r\000\040\000n\000e\000g\000a\000t\000i\000o\000n\000s}{section.1.6}% 13
\BOOKMARK [2][-]{section*.7}{\376\377\000n\000e\000g\000a\000t\000e\000d\000\040\000m\000e\000s\000s\000a\000g\000e\000\040\000f\000o\000r\000\040\000a\000d\000d\000i\000t\000i\000o\000n\000s}{section.1.6}% 14
\BOOKMARK [2][-]{section*.8}{\376\377\000n\000e\000g\000a\000t\000e\000d\000\040\000m\000e\000s\000s\000a\000g\000e\000\040\000f\000o\000r\000\040\000m\000u\000l\000t\000i\000p\000l\000i\000c\000a\000t\000i\000o\000n\000s}{section.1.6}% 15
\BOOKMARK [1][-]{section.1.7}{\376\377\000A\000n\000n\000o\000y\000i\000n\000g\000\040\000r\000e\000p\000e\000t\000i\000t\000i\000o\000n}{chapter.1}% 16
\BOOKMARK [1][-]{section.1.8}{\376\377\000I\000n\000t\000r\000o\000d\000u\000c\000i\000n\000g\000\040\000E\000x\000p\000r\000e\000s\000s\000i\000o\000n\000\040\000c\000l\000a\000s\000s}{chapter.1}% 17
\BOOKMARK [1][-]{section.1.9}{\376\377\000C\000l\000a\000s\000s\000\040\000c\000r\000e\000a\000t\000i\000o\000n\000\040\000m\000e\000s\000s\000a\000g\000e\000s}{chapter.1}% 18
\BOOKMARK [2][-]{section*.9}{\376\377\000B\000e\000t\000t\000e\000r\000\040\000i\000n\000s\000t\000a\000n\000c\000e\000\040\000c\000r\000e\000a\000t\000i\000o\000n\000\040\000f\000o\000r\000\040\000c\000o\000n\000s\000t\000a\000n\000t\000s}{section.1.9}% 19
\BOOKMARK [2][-]{section*.10}{\376\377\000B\000e\000t\000t\000e\000r\000\040\000i\000n\000s\000t\000a\000n\000c\000e\000\040\000c\000r\000e\000a\000t\000i\000o\000n\000\040\000f\000o\000r\000\040\000n\000e\000g\000a\000t\000i\000o\000n\000s}{section.1.9}% 20
\BOOKMARK [2][-]{section*.11}{\376\377\000B\000e\000t\000t\000e\000r\000\040\000i\000n\000s\000t\000a\000n\000c\000e\000\040\000c\000r\000e\000a\000t\000i\000o\000n\000\040\000f\000o\000r\000\040\000a\000d\000d\000i\000t\000i\000o\000n\000s}{section.1.9}% 21
\BOOKMARK [2][-]{section*.12}{\376\377\000B\000e\000t\000t\000e\000r\000\040\000i\000n\000s\000t\000a\000n\000c\000e\000\040\000c\000r\000e\000a\000t\000i\000o\000n\000\040\000f\000o\000r\000\040\000m\000u\000l\000t\000i\000p\000l\000i\000c\000a\000t\000i\000o\000n\000s}{section.1.9}% 22
\BOOKMARK [1][-]{section.1.10}{\376\377\000I\000n\000t\000r\000o\000d\000u\000c\000i\000n\000g\000\040\000e\000x\000a\000m\000p\000l\000e\000s\000\040\000a\000s\000\040\000c\000l\000a\000s\000s\000\040\000m\000e\000s\000s\000a\000g\000e\000s}{chapter.1}% 23
\BOOKMARK [1][-]{section.1.11}{\376\377\000P\000r\000i\000n\000t\000i\000n\000g}{chapter.1}% 24
\BOOKMARK [2][-]{section*.13}{\376\377\000A\000\040\000w\000o\000r\000d\000\040\000a\000b\000o\000u\000t\000\040\000s\000t\000r\000e\000a\000m\000s}{section.1.11}% 25
\BOOKMARK [2][-]{section*.14}{\376\377\000P\000r\000i\000n\000t\000i\000n\000g\000\040\000c\000o\000n\000s\000t\000a\000n\000t}{section.1.11}% 26
\BOOKMARK [2][-]{section*.15}{\376\377\000P\000r\000i\000n\000t\000i\000n\000g\000\040\000n\000e\000g\000a\000t\000i\000o\000n}{section.1.11}% 27
\BOOKMARK [2][-]{section*.16}{\376\377\000P\000r\000i\000n\000t\000i\000n\000g\000\040\000a\000d\000d\000i\000t\000i\000o\000n}{section.1.11}% 28
\BOOKMARK [2][-]{section*.17}{\376\377\000P\000r\000i\000n\000t\000i\000n\000g\000\040\000m\000u\000l\000t\000i\000p\000l\000i\000c\000a\000t\000i\000o\000n}{section.1.11}% 29
\BOOKMARK [1][-]{section.1.12}{\376\377\000R\000e\000v\000i\000s\000i\000t\000i\000n\000g\000\040\000n\000e\000g\000a\000t\000e\000d\000\040\000m\000e\000s\000s\000a\000g\000e\000\040\000f\000o\000r\000\040\000N\000e\000g\000a\000t\000i\000o\000n}{chapter.1}% 30
\BOOKMARK [2][-]{section*.18}{\376\377\000U\000n\000d\000e\000r\000s\000t\000a\000n\000d\000i\000n\000g\000\040\000m\000e\000t\000h\000o\000d\000\040\000o\000v\000e\000r\000r\000i\000d\000e}{section.1.12}% 31
\BOOKMARK [1][-]{section.1.13}{\376\377\000I\000n\000t\000r\000o\000d\000u\000c\000i\000n\000g\000\040\000B\000i\000n\000a\000r\000y\000E\000x\000p\000r\000e\000s\000s\000i\000o\000n\000\040\000c\000l\000a\000s\000s}{chapter.1}% 32
\BOOKMARK [2][-]{section*.19}{\376\377\000C\000r\000e\000a\000t\000i\000n\000g\000\040\000a\000\040\000t\000e\000m\000p\000l\000a\000t\000e\000\040\000a\000n\000d\000\040\000h\000o\000o\000k\000\040\000m\000e\000t\000h\000o\000d}{section.1.13}% 33
\BOOKMARK [1][-]{section.1.14}{\376\377\000W\000h\000a\000t\000\040\000d\000i\000d\000\040\000w\000e\000\040\000l\000e\000a\000r\000n}{chapter.1}% 34
\BOOKMARK [1][-]{section.1.15}{\376\377\000A\000b\000o\000u\000t\000\040\000h\000o\000o\000k\000\040\000m\000e\000t\000h\000o\000d\000s}{chapter.1}% 35
\BOOKMARK [2][-]{section*.20}{\376\377\000C\000r\000e\000a\000t\000i\000n\000g\000\040\000h\000o\000o\000k\000s\000\040\000i\000s\000\040\000a\000l\000w\000a\000y\000s\000\040\000g\000o\000o\000d}{section.1.15}% 36
\BOOKMARK [2][-]{section*.21}{\376\377\000A\000v\000o\000i\000d\000\040\000n\000o\000t\000\040\000d\000o\000c\000u\000m\000e\000n\000t\000i\000n\000g\000\040\000h\000o\000o\000k\000s}{section.1.15}% 37
\BOOKMARK [1][-]{section.1.16}{\376\377\000V\000a\000r\000i\000a\000b\000l\000e\000s}{chapter.1}% 38
\BOOKMARK [2][-]{section*.22}{\376\377\000S\000o\000m\000e\000\040\000t\000e\000c\000h\000n\000i\000c\000a\000l\000\040\000p\000o\000i\000n\000t\000s}{section.1.16}% 39
\BOOKMARK [3][-]{section*.23}{\376\377\000D\000i\000c\000t\000i\000o\000n\000a\000r\000i\000e\000s}{section*.22}% 40
\BOOKMARK [3][-]{section*.24}{\376\377\000D\000y\000n\000a\000m\000i\000c\000\040\000A\000r\000r\000a\000y\000s}{section*.22}% 41
\BOOKMARK [3][-]{section*.25}{\376\377\000P\000a\000i\000r\000s}{section*.22}% 42
\BOOKMARK [2][-]{section*.26}{\376\377\000B\000a\000c\000k\000\040\000t\000o\000\040\000v\000a\000r\000i\000a\000b\000l\000e\000\040\000e\000x\000p\000r\000e\000s\000s\000i\000o\000n\000s}{section.1.16}% 43
\BOOKMARK [2][-]{section*.27}{\376\377\000N\000o\000n\000\040\000w\000o\000r\000k\000i\000n\000g\000\040\000a\000p\000p\000r\000o\000a\000c\000h\000e\000s}{section.1.16}% 44
\BOOKMARK [2][-]{section*.28}{\376\377\000T\000h\000e\000\040\000s\000o\000l\000u\000t\000i\000o\000n\000:\000\040\000a\000d\000d\000i\000n\000g\000\040\000e\000v\000a\000l\000u\000a\000t\000e\000W\000i\000t\000h\000:}{section.1.16}% 45
\BOOKMARK [1][-]{section.1.17}{\376\377\000C\000o\000n\000c\000l\000u\000s\000i\000o\000n}{chapter.1}% 46
\BOOKMARK [0][-]{chapter*.29}{\376\377\000B\000i\000b\000l\000i\000o\000g\000r\000a\000p\000h\000y}{}% 47
