\BOOKMARK [0][-]{section*.1}{\376\377\000I\000l\000l\000u\000s\000t\000r\000a\000t\000i\000o\000n\000s}{}% 1
\BOOKMARK [0][-]{chapter.1}{\376\377\000T\000i\000n\000y\000C\000h\000a\000t\000:\000\040\000a\000\040\000f\000u\000n\000\040\000a\000n\000d\000\040\000s\000m\000a\000l\000l\000\040\000c\000h\000a\000t\000\040\000c\000l\000i\000e\000n\000t\000/\000s\000e\000r\000v\000e\000r}{}% 2
\BOOKMARK [1][-]{section.1.1}{\376\377\000O\000b\000j\000e\000c\000t\000i\000v\000e\000s\000\040\000a\000n\000d\000\040\000a\000r\000c\000h\000i\000t\000e\000c\000t\000u\000r\000e}{chapter.1}% 3
\BOOKMARK [1][-]{section.1.2}{\376\377\000L\000o\000a\000d\000i\000n\000g\000\040\000T\000e\000a\000p\000o\000t}{chapter.1}% 4
\BOOKMARK [1][-]{section.1.3}{\376\377\000M\000e\000s\000s\000a\000g\000e\000\040\000r\000e\000p\000r\000e\000s\000e\000n\000t\000a\000t\000i\000o\000n}{chapter.1}% 5
\BOOKMARK [2][-]{section*.2}{\376\377\000C\000l\000a\000s\000s\000\040\000T\000C\000M\000e\000s\000s\000a\000g\000e}{section.1.3}% 6
\BOOKMARK [2][-]{section*.3}{\376\377\000A\000c\000c\000e\000s\000s\000o\000r\000\040\000c\000r\000e\000a\000t\000i\000o\000n}{section.1.3}% 7
\BOOKMARK [1][-]{section.1.4}{\376\377\000I\000n\000s\000t\000a\000n\000c\000e\000\040\000i\000n\000i\000t\000i\000a\000l\000i\000s\000a\000t\000i\000o\000n}{chapter.1}% 8
\BOOKMARK [1][-]{section.1.5}{\376\377\000C\000o\000n\000v\000e\000r\000t\000i\000n\000g\000\040\000a\000\040\000m\000e\000s\000s\000a\000g\000e\000\040\000o\000b\000j\000e\000c\000t\000\040\000i\000n\000t\000o\000\040\000a\000\040\000s\000t\000r\000i\000n\000g}{chapter.1}% 9
\BOOKMARK [1][-]{section.1.6}{\376\377\000B\000u\000i\000l\000d\000i\000n\000g\000\040\000a\000\040\000m\000e\000s\000s\000a\000g\000e\000\040\000f\000r\000o\000m\000\040\000a\000\040\000s\000t\000r\000i\000n\000g\000\040}{chapter.1}% 10
\BOOKMARK [1][-]{section.1.7}{\376\377\000S\000t\000a\000r\000t\000i\000n\000g\000\040\000w\000i\000t\000h\000\040\000t\000h\000e\000\040\000s\000e\000r\000v\000e\000r}{chapter.1}% 11
\BOOKMARK [2][-]{section*.4}{\376\377\000S\000t\000o\000r\000i\000n\000g\000\040\000m\000e\000s\000s\000a\000g\000e\000s}{section.1.7}% 12
\BOOKMARK [2][-]{section*.5}{\376\377\000B\000a\000s\000i\000c\000\040\000o\000p\000e\000r\000a\000t\000i\000o\000n\000s\000\040\000o\000n\000\040\000m\000e\000s\000s\000a\000g\000e\000\040\000l\000i\000s\000t\000\040}{section.1.7}% 13
\BOOKMARK [2][-]{section*.6}{\376\377\000L\000i\000s\000t\000\040\000o\000f\000\040\000m\000e\000s\000s\000a\000g\000e\000s\000\040\000f\000r\000o\000m\000\040\000a\000\040\000p\000o\000s\000i\000t\000i\000o\000n\000\040}{section.1.7}% 14
\BOOKMARK [2][-]{section*.7}{\376\377\000M\000e\000s\000s\000a\000g\000e\000\040\000f\000o\000r\000m\000a\000t\000t\000i\000n\000g}{section.1.7}% 15
\BOOKMARK [1][-]{section.1.8}{\376\377\000T\000h\000e\000\040\000C\000h\000a\000t\000\040\000s\000e\000r\000v\000e\000r}{chapter.1}% 16
\BOOKMARK [2][-]{section*.8}{\376\377\000T\000C\000S\000e\000r\000v\000e\000r\000\040\000c\000l\000a\000s\000s\000\040\000c\000r\000e\000a\000t\000i\000o\000n}{section.1.8}% 17
\BOOKMARK [1][-]{section.1.9}{\376\377\000S\000e\000r\000v\000e\000r\000\040\000l\000o\000g\000i\000c}{chapter.1}% 18
\BOOKMARK [1][-]{section.1.10}{\376\377\000T\000h\000e\000\040\000c\000l\000i\000e\000n\000t\000\040}{chapter.1}% 19
\BOOKMARK [2][-]{section*.9}{\376\377\000T\000i\000n\000y\000C\000h\000a\000t\000\040\000c\000l\000a\000s\000s}{section.1.10}% 20
\BOOKMARK [2][-]{section*.10}{\376\377\000H\000T\000T\000P\000\040\000c\000o\000m\000m\000a\000n\000d\000s}{section.1.10}% 21
\BOOKMARK [1][-]{section.1.11}{\376\377\000C\000l\000i\000e\000n\000t\000\040\000o\000p\000e\000r\000a\000t\000i\000o\000n\000s}{chapter.1}% 22
\BOOKMARK [1][-]{section.1.12}{\376\377\000C\000l\000i\000e\000n\000t\000\040\000c\000o\000n\000n\000e\000c\000t\000i\000o\000n\000\040\000p\000a\000r\000a\000m\000e\000t\000e\000r\000s}{chapter.1}% 23
\BOOKMARK [1][-]{section.1.13}{\376\377\000U\000s\000e\000r\000\040\000i\000n\000t\000e\000r\000f\000a\000c\000e}{chapter.1}% 24
\BOOKMARK [1][-]{section.1.14}{\376\377\000N\000o\000w\000\040\000c\000h\000a\000t\000t\000i\000n\000g}{chapter.1}% 25
\BOOKMARK [1][-]{section.1.15}{\376\377\000C\000o\000n\000c\000l\000u\000s\000i\000o\000n\000\040\000a\000n\000d\000\040\000i\000d\000e\000a\000s\000\040\000f\000o\000r\000\040\000f\000u\000t\000u\000r\000e\000\040\000e\000x\000t\000e\000n\000s\000i\000o\000n\000s}{chapter.1}% 26
\BOOKMARK [0][-]{chapter*.11}{\376\377\000B\000i\000b\000l\000i\000o\000g\000r\000a\000p\000h\000y}{}% 27
