\BOOKMARK [0][-]{section*.1}{\376\377\000I\000l\000l\000u\000s\000t\000r\000a\000t\000i\000o\000n\000s}{}% 1
\BOOKMARK [0][-]{chapter.1}{\376\377\000T\000e\000m\000p\000e\000r\000a\000t\000u\000r\000e\000\040\000L\000o\000g\000g\000e\000r\000\040\000\050\000u\000n\000d\000e\000r\000\040\000w\000r\000i\000t\000i\000n\000g\000\051}{}% 2
\BOOKMARK [1][-]{section.1.1}{\376\377\000F\000i\000r\000s\000t\000\040\000a\000\040\000t\000e\000s\000t}{chapter.1}% 3
\BOOKMARK [1][-]{section.1.2}{\376\377\000M\000a\000k\000i\000n\000g\000\040\000t\000h\000e\000\040\000t\000e\000s\000t\000\040\000p\000a\000s\000s}{chapter.1}% 4
\BOOKMARK [1][-]{section.1.3}{\376\377\000R\000e\000c\000o\000r\000d\000\040\000t\000e\000m\000p\000e\000r\000a\000t\000u\000r\000e}{chapter.1}% 5
\BOOKMARK [1][-]{section.1.4}{\376\377\000L\000o\000g\000g\000e\000r\000\040\000r\000e\000c\000o\000r\000d\000i\000n\000g\000\040\000i\000m\000p\000r\000o\000v\000e\000m\000e\000n\000t\000s}{chapter.1}% 6
\BOOKMARK [1][-]{section.1.5}{\376\377\000U\000n\000d\000e\000r\000s\000t\000a\000n\000d\000i\000n\000g\000\040\000d\000e\000s\000i\000g\000n\000\040\000d\000e\000c\000i\000s\000i\000o\000n}{chapter.1}% 7
\BOOKMARK [1][-]{section.1.6}{\376\377\000A\000d\000d\000i\000n\000g\000\040\000a\000v\000e\000r\000a\000g\000e\000\040\000c\000o\000m\000p\000u\000t\000a\000t\000i\000o\000n}{chapter.1}% 8
\BOOKMARK [1][-]{section.1.7}{\376\377\000S\000o\000l\000u\000t\000i\000o\000n\000s}{chapter.1}% 9
\BOOKMARK [2][-]{section*.2}{\376\377\000F\000i\000r\000s\000t\000\040\000t\000e\000s\000t}{section.1.7}% 10
\BOOKMARK [2][-]{section*.3}{\376\377\000A\000v\000e\000r\000a\000g\000e}{section.1.7}% 11
\BOOKMARK [1][-]{section.1.8}{\376\377\000T\000h\000e\000\040\000c\000l\000a\000s\000s\000\040\000T\000e\000m\000p\000e\000r\000a\000t\000u\000r\000L\000o\000g\000g\000e\000r}{chapter.1}% 12
\BOOKMARK [1][-]{section.1.9}{\376\377\000C\000o\000n\000v\000e\000r\000t\000i\000n\000g\000\040\000F\000a\000h\000r\000e\000n\000h\000e\000i\000t\000\040\000t\000o\000\040\000C\000e\000l\000c\000i\000u\000s}{chapter.1}% 13
\BOOKMARK [1][-]{section.1.10}{\376\377\000D\000e\000f\000i\000n\000e\000\040\000t\000h\000e\000\040\000t\000e\000s\000t\000\040\000m\000e\000t\000h\000o\000d\000\040\000\050\000a\000n\000d\000\040\000m\000o\000r\000e\000\051}{chapter.1}% 14
\BOOKMARK [1][-]{section.1.11}{\376\377\000C\000o\000n\000v\000e\000r\000t\000i\000n\000g\000\040\000f\000r\000o\000m\000\040\000F\000a\000h\000r\000e\000n\000h\000e\000i\000t\000\040\000t\000o\000\040\000C\000e\000l\000s\000i\000u\000s}{chapter.1}% 15
\BOOKMARK [1][-]{section.1.12}{\376\377\000A\000b\000o\000u\000t\000\040\000f\000l\000o\000a\000t\000s}{chapter.1}% 16
\BOOKMARK [1][-]{section.1.13}{\376\377\000P\000r\000i\000n\000t\000i\000n\000g\000\040\000r\000o\000u\000n\000d\000e\000d\000\040\000r\000e\000s\000u\000l\000t\000s}{chapter.1}% 17
\BOOKMARK [1][-]{section.1.14}{\376\377\000B\000u\000i\000l\000d\000i\000n\000g\000\040\000a\000\040\000m\000a\000p\000\040\000o\000f\000\040\000d\000e\000g\000r\000e\000e\000s}{chapter.1}% 18
\BOOKMARK [1][-]{section.1.15}{\376\377\000S\000p\000e\000l\000l\000i\000n\000g\000\040\000F\000a\000h\000r\000e\000n\000h\000e\000i\000t\000\040\000c\000o\000r\000r\000e\000c\000t\000l\000y\000!}{chapter.1}% 19
\BOOKMARK [1][-]{section.1.16}{}{chapter.1}% 20
\BOOKMARK [1][-]{section.1.17}{\376\377\000D\000i\000s\000c\000u\000s\000s\000i\000o\000n}{chapter.1}% 21
\BOOKMARK [1][-]{section.1.18}{\376\377\000C\000o\000n\000c\000l\000u\000s\000i\000o\000n}{chapter.1}% 22
\BOOKMARK [0][-]{chapter*.4}{\376\377\000B\000i\000b\000l\000i\000o\000g\000r\000a\000p\000h\000y}{}% 23
