\BOOKMARK [0][-]{section*.1}{\376\377\000I\000l\000l\000u\000s\000t\000r\000a\000t\000i\000o\000n\000s}{}% 1
\BOOKMARK [0][-]{chapter.1}{\376\377\000S\000o\000m\000e\000\040\000c\000o\000l\000l\000e\000c\000t\000i\000o\000n\000\040\000k\000a\000t\000a\000s\000\040\000w\000i\000t\000h\000\040\000w\000o\000r\000d\000s}{}% 2
\BOOKMARK [1][-]{section.1.1}{\376\377\000I\000s\000o\000g\000r\000a\000m}{chapter.1}% 3
\BOOKMARK [1][-]{section.1.2}{\376\377\000A\000b\000o\000u\000t\000\040\000s\000t\000r\000i\000n\000g\000s}{chapter.1}% 4
\BOOKMARK [1][-]{section.1.3}{\376\377\000A\000\040\000s\000o\000l\000u\000t\000i\000o\000n\000\040\000u\000s\000i\000n\000g\000\040\000s\000e\000t\000s}{chapter.1}% 5
\BOOKMARK [2][-]{section*.2}{\376\377\000H\000i\000n\000t\000s}{section.1.3}% 6
\BOOKMARK [2][-]{section*.3}{\376\377\000C\000h\000e\000c\000k\000i\000n\000g\000\040\000e\000x\000p\000r\000e\000s\000s\000i\000o\000n}{section.1.3}% 7
\BOOKMARK [2][-]{section*.4}{\376\377\000A\000d\000d\000i\000n\000g\000\040\000a\000\040\000m\000e\000t\000h\000o\000d\000\040\000t\000o\000\040\000t\000h\000e\000\040\000c\000l\000a\000s\000s\000\040\000S\000t\000r\000i\000n\000g}{section.1.3}% 8
\BOOKMARK [1][-]{section.1.4}{\376\377\000D\000e\000f\000i\000n\000i\000n\000g\000\040\000a\000\040\000t\000e\000s\000t}{chapter.1}% 9
\BOOKMARK [2][-]{section*.5}{\376\377\000T\000e\000s\000t\000i\000n\000g\000\040\000s\000e\000v\000e\000r\000a\000l\000\040\000s\000t\000r\000i\000n\000g\000s}{section.1.4}% 10
\BOOKMARK [1][-]{section.1.5}{\376\377\000S\000o\000m\000e\000\040\000f\000u\000n\000:\000\040\000O\000b\000t\000a\000i\000n\000i\000n\000g\000\040\000f\000r\000e\000n\000c\000h\000\040\000i\000s\000o\000g\000r\000a\000m\000s}{chapter.1}% 11
\BOOKMARK [1][-]{section.1.6}{\376\377\000P\000a\000n\000g\000r\000a\000m\000s}{chapter.1}% 12
\BOOKMARK [2][-]{section*.6}{\376\377\000I\000m\000a\000g\000i\000n\000e\000\040\000a\000\040\000s\000o\000l\000u\000t\000i\000o\000n}{section.1.6}% 13
\BOOKMARK [2][-]{section*.7}{\376\377\000A\000\040\000f\000i\000r\000s\000t\000\040\000v\000e\000r\000s\000i\000o\000n}{section.1.6}% 14
\BOOKMARK [2][-]{section*.8}{\376\377\000A\000\040\000b\000e\000t\000t\000e\000r\000\040\000v\000e\000r\000s\000i\000o\000n}{section.1.6}% 15
\BOOKMARK [1][-]{section.1.7}{\376\377\000H\000a\000n\000d\000l\000i\000n\000g\000\040\000a\000l\000p\000h\000a\000b\000e\000t}{chapter.1}% 16
\BOOKMARK [1][-]{section.1.8}{\376\377\000I\000d\000e\000n\000t\000i\000f\000y\000i\000n\000g\000\040\000m\000i\000s\000s\000i\000n\000g\000\040\000l\000e\000t\000t\000e\000r\000s}{chapter.1}% 17
\BOOKMARK [2][-]{section*.9}{\376\377\000A\000b\000o\000u\000t\000\040\000t\000h\000e\000\040\000r\000e\000t\000u\000r\000n\000\040\000v\000a\000l\000u\000e\000s\000\040\000o\000f\000\040\000d\000e\000t\000e\000c\000t\000F\000i\000r\000s\000t\000M\000i\000s\000s\000i\000n\000g\000L\000e\000t\000t\000e\000r\000F\000o\000r\000:}{section.1.8}% 18
\BOOKMARK [2][-]{section*.10}{\376\377\000D\000e\000t\000e\000c\000t\000i\000n\000g\000\040\000a\000l\000l\000\040\000t\000h\000e\000\040\000m\000i\000s\000s\000i\000n\000g\000\040\000l\000e\000t\000t\000e\000r\000s}{section.1.8}% 19
\BOOKMARK [1][-]{section.1.9}{\376\377\000P\000a\000l\000i\000n\000d\000r\000o\000m\000e\000\040\000a\000s\000\040\000e\000x\000e\000r\000c\000i\000s\000e}{chapter.1}% 20
\BOOKMARK [2][-]{section*.11}{\376\377\000S\000o\000m\000e\000\040\000p\000o\000s\000s\000i\000b\000l\000e\000\040\000i\000m\000p\000l\000e\000m\000e\000n\000t\000a\000t\000i\000o\000n\000s}{section.1.9}% 21
\BOOKMARK [1][-]{section.1.10}{\376\377\000C\000o\000n\000c\000l\000u\000s\000i\000o\000n}{chapter.1}% 22
\BOOKMARK [0][-]{chapter*.12}{\376\377\000B\000i\000b\000l\000i\000o\000g\000r\000a\000p\000h\000y}{}% 23
